warning: unused import: `colored::*`
 --> src/commands/help.rs:2:5
  |
2 | use colored::*;
  |     ^^^^^^^^^^
  |
  = note: `#[warn(unused_imports)]` (part of `#[warn(unused)]`) on by default

warning: unused import: `AppState`
 --> src/commands/interaction.rs:3:13
  |
3 | use crate::{AppState, ServerMessage};
  |             ^^^^^^^^

warning: unused import: `std::sync::Arc`
 --> src/commands/interaction.rs:5:5
  |
5 | use std::sync::Arc;
  |     ^^^^^^^^^^^^^^

warning: unused import: `AppState`
 --> src/commands/quest.rs:3:13
  |
3 | use crate::{AppState, ServerMessage};
  |             ^^^^^^^^

warning: unused import: `std::sync::Arc`
 --> src/commands/quest.rs:5:5
  |
5 | use std::sync::Arc;
  |     ^^^^^^^^^^^^^^

warning: unused import: `rand::seq::SliceRandom`
  --> src/lib.rs:26:5
   |
26 | use rand::seq::SliceRandom;
   |     ^^^^^^^^^^^^^^^^^^^^^^

warning: unused import: `crate::npc::Npc`
  --> src/lib.rs:43:5
   |
43 | use crate::npc::Npc;
   |     ^^^^^^^^^^^^^^^

warning: unused variable: `attacker_is_player`
   --> src/game_loop.rs:287:23
    |
287 |     for (attacker_id, attacker_is_player, defender_id, defender_is_player, new_hp, _msg_to_attacker, _msg_to_defender, is_dead) in ...
    |                       ^^^^^^^^^^^^^^^^^^ help: if this is intentional, prefix it with an underscore: `_attacker_is_player`
    |
    = note: `#[warn(unused_variables)]` (part of `#[warn(unused)]`) on by default

warning: unused variable: `state`
  --> src/commands/movement.rs:13:5
   |
13 |     state: &Arc<AppState>,
   |     ^^^^^ help: if this is intentional, prefix it with an underscore: `_state`

warning: unused variable: `id`
  --> src/lib.rs:86:27
   |
86 |                 .filter(|(id, loc)| loc.room_id == room_id && loc.user_name.as_ref() != Some(&user_name))
   |                           ^^ help: if this is intentional, prefix it with an underscore: `_id`

warning: function `generate_who_list` is never used
   --> src/lib.rs:562:4
    |
562 | fn generate_who_list(state: &Arc<AppState>, use_color: bool) -> String {
    |    ^^^^^^^^^^^^^^^^^
    |
    = note: `#[warn(dead_code)]` (part of `#[warn(unused)]`) on by default

warning: field `combo_index` is never read
  --> src/game_loop.rs:69:9
   |
57 |     struct CombatEntity {
   |            ------------ field in this struct
...
69 |         combo_index: usize,
   |         ^^^^^^^^^^^
   |
   = note: `CombatEntity` has a derived impl for the trait `Clone`, but this is intentionally ignored during dead code analysis

warning: `server` (lib) generated 12 warnings (run `cargo fix --lib -p server` to apply 10 suggestions)
    Finished `dev` profile [unoptimized + debuginfo] target(s) in 0.08s
     Running `target/debug/server`
Loading game data from: ./data
✅ World data loaded: 64 rooms, 19 NPC prototypes, 3 Item prototypes, 3 quests, 3 skills, 4 monsters
✅ Spawned 48 NPC instances.
[2m2026-03-14T14:24:51.750428Z[0m [32m INFO[0m [2mserver[0m[2m:[0m Serving static files from: client/dist
[2m2026-03-14T14:24:51.750466Z[0m [33m WARN[0m [2mserver::game_loop[0m[2m:[0m combat_tick_ms too small, using default 1 second
[2m2026-03-14T14:24:51.750559Z[0m [32m INFO[0m [2mserver[0m[2m:[0m listening on 0.0.0.0:3000
[2m2026-03-14T14:25:26.434325Z[0m [32m INFO[0m [2mserver[0m[2m:[0m [LOGIN] Player 0 logged in as blueleaf
[2m2026-03-14T14:25:30.614007Z[0m [32m INFO[0m [2mserver[0m[2m:[0m [MOVE] Player 0 moved from genesis_altar to village_square
[2m2026-03-14T14:25:31.127763Z[0m [32m INFO[0m [2mserver[0m[2m:[0m [MOVE] Player 0 moved from village_square to bamboo_forest
[2m2026-03-14T14:25:31.923578Z[0m [32m INFO[0m [2mserver[0m[2m:[0m [MOVE] Player 0 moved from bamboo_forest to deep_bamboo_1
[2m2026-03-14T14:25:34.305964Z[0m [32m INFO[0m [2mserver[0m[2m:[0m [LOOK] Player 0 looking at room deep_bamboo_1
[2m2026-03-14T14:25:35.506167Z[0m [32m INFO[0m [2mserver[0m[2m:[0m [MOVE] Player 0 moved from deep_bamboo_1 to deep_bamboo_2
[2m2026-03-14T14:25:37.755777Z[0m [32m INFO[0m [2mserver[0m[2m:[0m [LOOK] Player 0 looking at room deep_bamboo_2
[2m2026-03-14T14:25:44.814937Z[0m [32m INFO[0m [2mserver::combat[0m[2m:[0m [COMBAT] blueleaf 攻击 翠竹蛇 | 命中率:80% 暴击率:10% | HP:190/190 ATK:2 DEF:5 LVL:1
[2m2026-03-14T14:25:44.815085Z[0m [32m INFO[0m [2mserver::combat[0m[2m:[0m [COMBAT] 伤害计算: base_damage=45, crit_damage=45, defense=5, final_damage=43, is_crit=false, will_kill=false
[2m2026-03-14T14:25:44.815132Z[0m [32m INFO[0m [2mserver::combat[0m[2m:[0m [COMBAT] 翠竹蛇 攻击 blueleaf | 命中率:90% 暴击率:10% | HP:300/300 ATK:12 DEF:5 LVL:2
[2m2026-03-14T14:25:44.815145Z[0m [32m INFO[0m [2mserver::combat[0m[2m:[0m [COMBAT] 伤害计算: base_damage=45, crit_damage=45, defense=5, final_damage=43, is_crit=false, will_kill=false
[2m2026-03-14T14:25:45.816999Z[0m [32m INFO[0m [2mserver::combat[0m[2m:[0m [COMBAT] blueleaf 攻击 翠竹蛇 | 命中率:80% 暴击率:10% | HP:147/190 ATK:2 DEF:5 LVL:1
[2m2026-03-14T14:25:45.817076Z[0m [32m INFO[0m [2mserver::combat[0m[2m:[0m [COMBAT] 伤害计算: base_damage=45, crit_damage=67, defense=5, final_damage=65, is_crit=true, will_kill=false
[2m2026-03-14T14:25:45.817142Z[0m [32m INFO[0m [2mserver::combat[0m[2m:[0m [COMBAT] 翠竹蛇 攻击 blueleaf | 命中率:90% 暴击率:10% | HP:257/300 ATK:12 DEF:5 LVL:2
[2m2026-03-14T14:25:45.817158Z[0m [32m INFO[0m [2mserver::combat[0m[2m:[0m [COMBAT] 伤害计算: base_damage=45, crit_damage=45, defense=5, final_damage=43, is_crit=false, will_kill=false
[2m2026-03-14T14:25:46.818768Z[0m [32m INFO[0m [2mserver::combat[0m[2m:[0m [COMBAT] blueleaf 攻击 翠竹蛇 | 命中率:80% 暴击率:10% | HP:104/190 ATK:2 DEF:5 LVL:1
[2m2026-03-14T14:25:46.818851Z[0m [32m INFO[0m [2mserver::combat[0m[2m:[0m [COMBAT] 伤害计算: base_damage=45, crit_damage=45, defense=5, final_damage=43, is_crit=false, will_kill=false
[2m2026-03-14T14:25:46.818942Z[0m [32m INFO[0m [2mserver::combat[0m[2m:[0m [COMBAT] 翠竹蛇 攻击 blueleaf | 命中率:90% 暴击率:10% | HP:192/300 ATK:12 DEF:5 LVL:2
[2m2026-03-14T14:25:46.818960Z[0m [32m INFO[0m [2mserver::combat[0m[2m:[0m [COMBAT] 伤害计算: base_damage=45, crit_damage=45, defense=5, final_damage=43, is_crit=false, will_kill=false
[2m2026-03-14T14:25:47.820616Z[0m [32m INFO[0m [2mserver::combat[0m[2m:[0m [COMBAT] blueleaf 攻击 翠竹蛇 | 命中率:80% 暴击率:10% | HP:61/190 ATK:2 DEF:5 LVL:1
[2m2026-03-14T14:25:47.820687Z[0m [32m INFO[0m [2mserver::combat[0m[2m:[0m [COMBAT] 伤害计算: base_damage=45, crit_damage=45, defense=5, final_damage=43, is_crit=false, will_kill=false
[2m2026-03-14T14:25:47.820740Z[0m [32m INFO[0m [2mserver::combat[0m[2m:[0m [COMBAT] 翠竹蛇 攻击 blueleaf | 命中率:90% 暴击率:10% | HP:149/300 ATK:12 DEF:5 LVL:2
[2m2026-03-14T14:25:47.820756Z[0m [32m INFO[0m [2mserver::combat[0m[2m:[0m [COMBAT] 伤害计算: base_damage=45, crit_damage=67, defense=5, final_damage=65, is_crit=true, will_kill=true
[2m2026-03-14T14:25:48.821430Z[0m [32m INFO[0m [2mserver::combat[0m[2m:[0m [COMBAT] blueleaf 攻击 翠竹蛇 | 命中率:80% 暴击率:10% | HP:61/190 ATK:2 DEF:5 LVL:1
[2m2026-03-14T14:25:48.821495Z[0m [32m INFO[0m [2mserver::combat[0m[2m:[0m [COMBAT] 伤害计算: base_damage=45, crit_damage=45, defense=5, final_damage=43, is_crit=false, will_kill=false
[2m2026-03-14T14:25:48.821542Z[0m [32m INFO[0m [2mserver::combat[0m[2m:[0m [COMBAT] 翠竹蛇 攻击 blueleaf | 命中率:90% 暴击率:10% | HP:106/300 ATK:12 DEF:5 LVL:2
[2m2026-03-14T14:25:48.821555Z[0m [32m INFO[0m [2mserver::combat[0m[2m:[0m [COMBAT] 伤害计算: base_damage=45, crit_damage=45, defense=5, final_damage=43, is_crit=false, will_kill=false
[2m2026-03-14T14:25:49.823228Z[0m [32m INFO[0m [2mserver::combat[0m[2m:[0m [COMBAT] blueleaf 攻击 翠竹蛇 | 命中率:80% 暴击率:10% | HP:18/190 ATK:2 DEF:5 LVL:1
[2m2026-03-14T14:25:49.823271Z[0m [32m INFO[0m [2mserver::combat[0m[2m:[0m [COMBAT] 伤害计算: base_damage=45, crit_damage=45, defense=5, final_damage=43, is_crit=false, will_kill=false
[2m2026-03-14T14:25:49.823302Z[0m [32m INFO[0m [2mserver::combat[0m[2m:[0m [COMBAT] 翠竹蛇 攻击 blueleaf | 命中率:90% 暴击率:10% | HP:63/300 ATK:12 DEF:5 LVL:2
[2m2026-03-14T14:25:49.823310Z[0m [32m INFO[0m [2mserver::combat[0m[2m:[0m [COMBAT] 伤害计算: base_damage=45, crit_damage=45, defense=5, final_damage=43, is_crit=false, will_kill=true
[2m2026-03-14T14:25:50.824792Z[0m [32m INFO[0m [2mserver::combat[0m[2m:[0m [COMBAT] blueleaf 攻击 翠竹蛇 | 命中率:80% 暴击率:10% | HP:18/190 ATK:2 DEF:5 LVL:1
[2m2026-03-14T14:25:50.824857Z[0m [32m INFO[0m [2mserver::combat[0m[2m:[0m [COMBAT] 伤害计算: base_damage=45, crit_damage=45, defense=5, final_damage=43, is_crit=false, will_kill=true
[2m2026-03-14T14:25:50.824938Z[0m [32m INFO[0m [2mserver::combat[0m[2m:[0m [COMBAT] 翠竹蛇 攻击 blueleaf | 命中率:90% 暴击率:10% | HP:20/300 ATK:12 DEF:5 LVL:2
[2m2026-03-14T14:25:50.824956Z[0m [32m INFO[0m [2mserver::combat[0m[2m:[0m [COMBAT] 伤害计算: base_damage=45, crit_damage=45, defense=5, final_damage=43, is_crit=false, will_kill=true
[2m2026-03-14T14:25:51.825344Z[0m [32m INFO[0m [2mserver::combat[0m[2m:[0m [COMBAT] blueleaf 攻击 翠竹蛇 | 命中率:80% 暴击率:10% | HP:18/190 ATK:2 DEF:5 LVL:1
[2m2026-03-14T14:25:51.825394Z[0m [32m INFO[0m [2mserver::combat[0m[2m:[0m [COMBAT] 伤害计算: base_damage=45, crit_damage=45, defense=5, final_damage=43, is_crit=false, will_kill=true
[2m2026-03-14T14:25:51.825425Z[0m [32m INFO[0m [2mserver::combat[0m[2m:[0m [COMBAT] 翠竹蛇 攻击 blueleaf | 命中率:90% 暴击率:10% | HP:20/300 ATK:12 DEF:5 LVL:2
[2m2026-03-14T14:25:51.825434Z[0m [32m INFO[0m [2mserver::combat[0m[2m:[0m [COMBAT] 伤害计算: base_damage=45, crit_damage=45, defense=5, final_damage=43, is_crit=false, will_kill=true
[2m2026-03-14T14:25:52.826860Z[0m [32m INFO[0m [2mserver::combat[0m[2m:[0m [COMBAT] blueleaf 攻击 翠竹蛇 | 命中率:80% 暴击率:10% | HP:18/190 ATK:2 DEF:5 LVL:1
[2m2026-03-14T14:25:52.826967Z[0m [32m INFO[0m [2mserver::combat[0m[2m:[0m [COMBAT] 伤害计算: base_damage=45, crit_damage=45, defense=5, final_damage=43, is_crit=false, will_kill=true
[2m2026-03-14T14:25:52.827015Z[0m [32m INFO[0m [2mserver::combat[0m[2m:[0m [COMBAT] 翠竹蛇 攻击 blueleaf | 命中率:90% 暴击率:10% | HP:20/300 ATK:12 DEF:5 LVL:2
[2m2026-03-14T14:25:52.827030Z[0m [32m INFO[0m [2mserver::combat[0m[2m:[0m [COMBAT] 伤害计算: base_damage=45, crit_damage=45, defense=5, final_damage=43, is_crit=false, will_kill=true
[2m2026-03-14T14:25:53.829452Z[0m [32m INFO[0m [2mserver::combat[0m[2m:[0m [COMBAT] blueleaf 攻击 翠竹蛇 | 命中率:80% 暴击率:10% | HP:18/190 ATK:2 DEF:5 LVL:1
[2m2026-03-14T14:25:53.829506Z[0m [32m INFO[0m [2mserver::combat[0m[2m:[0m [COMBAT] 伤害计算: base_damage=45, crit_damage=45, defense=5, final_damage=43, is_crit=false, will_kill=true
[2m2026-03-14T14:25:53.829542Z[0m [32m INFO[0m [2mserver::combat[0m[2m:[0m [COMBAT] 翠竹蛇 攻击 blueleaf | 命中率:90% 暴击率:10% | HP:20/300 ATK:12 DEF:5 LVL:2
[2m2026-03-14T14:25:53.829553Z[0m [32m INFO[0m [2mserver::combat[0m[2m:[0m [COMBAT] 伤害计算: base_damage=45, crit_damage=45, defense=5, final_damage=43, is_crit=false, will_kill=true
[2m2026-03-14T14:25:54.830971Z[0m [32m INFO[0m [2mserver::combat[0m[2m:[0m [COMBAT] blueleaf 攻击 翠竹蛇 | 命中率:80% 暴击率:10% | HP:18/190 ATK:2 DEF:5 LVL:1
[2m2026-03-14T14:25:54.831052Z[0m [32m INFO[0m [2mserver::combat[0m[2m:[0m [COMBAT] 伤害计算: base_damage=45, crit_damage=45, defense=5, final_damage=43, is_crit=false, will_kill=true
[2m2026-03-14T14:25:54.831093Z[0m [32m INFO[0m [2mserver::combat[0m[2m:[0m [COMBAT] 翠竹蛇 攻击 blueleaf | 命中率:90% 暴击率:10% | HP:20/300 ATK:12 DEF:5 LVL:2
[2m2026-03-14T14:25:54.831106Z[0m [32m INFO[0m [2mserver::combat[0m[2m:[0m [COMBAT] 伤害计算: base_damage=45, crit_damage=45, defense=5, final_damage=43, is_crit=false, will_kill=true
[2m2026-03-14T14:25:55.832591Z[0m [32m INFO[0m [2mserver::combat[0m[2m:[0m [COMBAT] blueleaf 攻击 翠竹蛇 | 命中率:80% 暴击率:10% | HP:18/190 ATK:2 DEF:5 LVL:1
[2m2026-03-14T14:25:55.832677Z[0m [32m INFO[0m [2mserver::combat[0m[2m:[0m [COMBAT] 伤害计算: base_damage=45, crit_damage=45, defense=5, final_damage=43, is_crit=false, will_kill=true
[2m2026-03-14T14:25:55.832725Z[0m [32m INFO[0m [2mserver::combat[0m[2m:[0m [COMBAT] 翠竹蛇 攻击 blueleaf | 命中率:90% 暴击率:10% | HP:20/300 ATK:12 DEF:5 LVL:2
[2m2026-03-14T14:25:55.832740Z[0m [32m INFO[0m [2mserver::combat[0m[2m:[0m [COMBAT] 伤害计算: base_damage=45, crit_damage=45, defense=5, final_damage=43, is_crit=false, will_kill=true
[2m2026-03-14T14:25:56.834282Z[0m [32m INFO[0m [2mserver::combat[0m[2m:[0m [COMBAT] blueleaf 攻击 翠竹蛇 | 命中率:80% 暴击率:10% | HP:18/190 ATK:2 DEF:5 LVL:1
[2m2026-03-14T14:25:56.834394Z[0m [32m INFO[0m [2mserver::combat[0m[2m:[0m [COMBAT] 伤害计算: base_damage=45, crit_damage=45, defense=5, final_damage=43, is_crit=false, will_kill=true
[2m2026-03-14T14:25:56.834434Z[0m [32m INFO[0m [2mserver::combat[0m[2m:[0m [COMBAT] 翠竹蛇 攻击 blueleaf | 命中率:90% 暴击率:10% | HP:20/300 ATK:12 DEF:5 LVL:2
[2m2026-03-14T14:25:56.834446Z[0m [32m INFO[0m [2mserver::combat[0m[2m:[0m [COMBAT] 伤害计算: base_damage=45, crit_damage=45, defense=5, final_damage=43, is_crit=false, will_kill=true
[2m2026-03-14T14:25:57.366115Z[0m [32m INFO[0m [2mserver[0m[2m:[0m [LOOK] Player 0 looking at room deep_bamboo_2
[2m2026-03-14T14:25:57.836181Z[0m [32m INFO[0m [2mserver::combat[0m[2m:[0m [COMBAT] blueleaf 攻击 翠竹蛇 | 命中率:80% 暴击率:10% | HP:18/190 ATK:2 DEF:5 LVL:1
[2m2026-03-14T14:25:57.836231Z[0m [32m INFO[0m [2mserver::combat[0m[2m:[0m [COMBAT] 伤害计算: base_damage=45, crit_damage=67, defense=5, final_damage=65, is_crit=true, will_kill=true
[2m2026-03-14T14:25:57.836272Z[0m [32m INFO[0m [2mserver::combat[0m[2m:[0m [COMBAT] 翠竹蛇 攻击 blueleaf | 命中率:90% 暴击率:10% | HP:20/300 ATK:12 DEF:5 LVL:2
[2m2026-03-14T14:25:57.836281Z[0m [32m INFO[0m [2mserver::combat[0m[2m:[0m [COMBAT] 伤害计算: base_damage=45, crit_damage=45, defense=5, final_damage=43, is_crit=false, will_kill=true
[2m2026-03-14T14:25:58.837621Z[0m [32m INFO[0m [2mserver::combat[0m[2m:[0m [COMBAT] blueleaf 攻击 翠竹蛇 | 命中率:80% 暴击率:10% | HP:18/190 ATK:2 DEF:5 LVL:1
[2m2026-03-14T14:25:58.837681Z[0m [32m INFO[0m [2mserver::combat[0m[2m:[0m [COMBAT] 伤害计算: base_damage=45, crit_damage=45, defense=5, final_damage=43, is_crit=false, will_kill=true
[2m2026-03-14T14:25:58.837723Z[0m [32m INFO[0m [2mserver::combat[0m[2m:[0m [COMBAT] 翠竹蛇 攻击 blueleaf | 命中率:90% 暴击率:10% | HP:20/300 ATK:12 DEF:5 LVL:2
[2m2026-03-14T14:25:59.838747Z[0m [32m INFO[0m [2mserver::combat[0m[2m:[0m [COMBAT] blueleaf 攻击 翠竹蛇 | 命中率:80% 暴击率:10% | HP:18/190 ATK:2 DEF:5 LVL:1
[2m2026-03-14T14:25:59.838838Z[0m [32m INFO[0m [2mserver::combat[0m[2m:[0m [COMBAT] 翠竹蛇 攻击 blueleaf | 命中率:90% 暴击率:10% | HP:20/300 ATK:12 DEF:5 LVL:2
[2m2026-03-14T14:25:59.838856Z[0m [32m INFO[0m [2mserver::combat[0m[2m:[0m [COMBAT] 伤害计算: base_damage=45, crit_damage=45, defense=5, final_damage=43, is_crit=false, will_kill=true
[2m2026-03-14T14:26:00.839406Z[0m [32m INFO[0m [2mserver::combat[0m[2m:[0m [COMBAT] blueleaf 攻击 翠竹蛇 | 命中率:80% 暴击率:10% | HP:18/190 ATK:2 DEF:5 LVL:1
[2m2026-03-14T14:26:00.839472Z[0m [32m INFO[0m [2mserver::combat[0m[2m:[0m [COMBAT] 翠竹蛇 攻击 blueleaf | 命中率:90% 暴击率:10% | HP:20/300 ATK:12 DEF:5 LVL:2
[2m2026-03-14T14:26:01.841136Z[0m [32m INFO[0m [2mserver::combat[0m[2m:[0m [COMBAT] blueleaf 攻击 翠竹蛇 | 命中率:80% 暴击率:10% | HP:18/190 ATK:2 DEF:5 LVL:1
[2m2026-03-14T14:26:01.841187Z[0m [32m INFO[0m [2mserver::combat[0m[2m:[0m [COMBAT] 伤害计算: base_damage=45, crit_damage=45, defense=5, final_damage=43, is_crit=false, will_kill=true
[2m2026-03-14T14:26:01.841218Z[0m [32m INFO[0m [2mserver::combat[0m[2m:[0m [COMBAT] 翠竹蛇 攻击 blueleaf | 命中率:90% 暴击率:10% | HP:20/300 ATK:12 DEF:5 LVL:2
[2m2026-03-14T14:26:02.842722Z[0m [32m INFO[0m [2mserver::combat[0m[2m:[0m [COMBAT] blueleaf 攻击 翠竹蛇 | 命中率:80% 暴击率:10% | HP:18/190 ATK:2 DEF:5 LVL:1
[2m2026-03-14T14:26:02.842774Z[0m [32m INFO[0m [2mserver::combat[0m[2m:[0m [COMBAT] 伤害计算: base_damage=45, crit_damage=45, defense=5, final_damage=43, is_crit=false, will_kill=true
[2m2026-03-14T14:26:02.842806Z[0m [32m INFO[0m [2mserver::combat[0m[2m:[0m [COMBAT] 翠竹蛇 攻击 blueleaf | 命中率:90% 暴击率:10% | HP:20/300 ATK:12 DEF:5 LVL:2
[2m2026-03-14T14:26:02.842815Z[0m [32m INFO[0m [2mserver::combat[0m[2m:[0m [COMBAT] 伤害计算: base_damage=45, crit_damage=45, defense=5, final_damage=43, is_crit=false, will_kill=true
[2m2026-03-14T14:26:03.844206Z[0m [32m INFO[0m [2mserver::combat[0m[2m:[0m [COMBAT] blueleaf 攻击 翠竹蛇 | 命中率:80% 暴击率:10% | HP:18/190 ATK:2 DEF:5 LVL:1
[2m2026-03-14T14:26:03.844258Z[0m [32m INFO[0m [2mserver::combat[0m[2m:[0m [COMBAT] 伤害计算: base_damage=45, crit_damage=45, defense=5, final_damage=43, is_crit=false, will_kill=true
[2m2026-03-14T14:26:03.844292Z[0m [32m INFO[0m [2mserver::combat[0m[2m:[0m [COMBAT] 翠竹蛇 攻击 blueleaf | 命中率:90% 暴击率:10% | HP:20/300 ATK:12 DEF:5 LVL:2
[2m2026-03-14T14:26:03.844301Z[0m [32m INFO[0m [2mserver::combat[0m[2m:[0m [COMBAT] 伤害计算: base_damage=45, crit_damage=45, defense=5, final_damage=43, is_crit=false, will_kill=true
[2m2026-03-14T14:26:04.845691Z[0m [32m INFO[0m [2mserver::combat[0m[2m:[0m [COMBAT] blueleaf 攻击 翠竹蛇 | 命中率:80% 暴击率:10% | HP:18/190 ATK:2 DEF:5 LVL:1
[2m2026-03-14T14:26:04.845742Z[0m [32m INFO[0m [2mserver::combat[0m[2m:[0m [COMBAT] 伤害计算: base_damage=45, crit_damage=67, defense=5, final_damage=65, is_crit=true, will_kill=true
[2m2026-03-14T14:26:04.845784Z[0m [32m INFO[0m [2mserver::combat[0m[2m:[0m [COMBAT] 翠竹蛇 攻击 blueleaf | 命中率:90% 暴击率:10% | HP:20/300 ATK:12 DEF:5 LVL:2
[2m2026-03-14T14:26:04.845794Z[0m [32m INFO[0m [2mserver::combat[0m[2m:[0m [COMBAT] 伤害计算: base_damage=45, crit_damage=45, defense=5, final_damage=43, is_crit=false, will_kill=true
[2m2026-03-14T14:26:05.847300Z[0m [32m INFO[0m [2mserver::combat[0m[2m:[0m [COMBAT] blueleaf 攻击 翠竹蛇 | 命中率:80% 暴击率:10% | HP:18/190 ATK:2 DEF:5 LVL:1
[2m2026-03-14T14:26:05.847350Z[0m [32m INFO[0m [2mserver::combat[0m[2m:[0m [COMBAT] 伤害计算: base_damage=45, crit_damage=45, defense=5, final_damage=43, is_crit=false, will_kill=true
[2m2026-03-14T14:26:05.847382Z[0m [32m INFO[0m [2mserver::combat[0m[2m:[0m [COMBAT] 翠竹蛇 攻击 blueleaf | 命中率:90% 暴击率:10% | HP:20/300 ATK:12 DEF:5 LVL:2
[2m2026-03-14T14:26:05.847390Z[0m [32m INFO[0m [2mserver::combat[0m[2m:[0m [COMBAT] 伤害计算: base_damage=45, crit_damage=45, defense=5, final_damage=43, is_crit=false, will_kill=true
[2m2026-03-14T14:26:06.848791Z[0m [32m INFO[0m [2mserver::combat[0m[2m:[0m [COMBAT] blueleaf 攻击 翠竹蛇 | 命中率:80% 暴击率:10% | HP:18/190 ATK:2 DEF:5 LVL:1
[2m2026-03-14T14:26:06.848862Z[0m [32m INFO[0m [2mserver::combat[0m[2m:[0m [COMBAT] 伤害计算: base_damage=45, crit_damage=45, defense=5, final_damage=43, is_crit=false, will_kill=true
[2m2026-03-14T14:26:06.848925Z[0m [32m INFO[0m [2mserver::combat[0m[2m:[0m [COMBAT] 翠竹蛇 攻击 blueleaf | 命中率:90% 暴击率:10% | HP:20/300 ATK:12 DEF:5 LVL:2
[2m2026-03-14T14:26:06.848936Z[0m [32m INFO[0m [2mserver::combat[0m[2m:[0m [COMBAT] 伤害计算: base_damage=45, crit_damage=67, defense=5, final_damage=65, is_crit=true, will_kill=true
[2m2026-03-14T14:26:07.849280Z[0m [32m INFO[0m [2mserver::combat[0m[2m:[0m [COMBAT] blueleaf 攻击 翠竹蛇 | 命中率:80% 暴击率:10% | HP:18/190 ATK:2 DEF:5 LVL:1
[2m2026-03-14T14:26:07.849335Z[0m [32m INFO[0m [2mserver::combat[0m[2m:[0m [COMBAT] 伤害计算: base_damage=45, crit_damage=67, defense=5, final_damage=65, is_crit=true, will_kill=true
[2m2026-03-14T14:26:07.849377Z[0m [32m INFO[0m [2mserver::combat[0m[2m:[0m [COMBAT] 翠竹蛇 攻击 blueleaf | 命中率:90% 暴击率:10% | HP:20/300 ATK:12 DEF:5 LVL:2
[2m2026-03-14T14:26:07.849387Z[0m [32m INFO[0m [2mserver::combat[0m[2m:[0m [COMBAT] 伤害计算: base_damage=45, crit_damage=45, defense=5, final_damage=43, is_crit=false, will_kill=true
[2m2026-03-14T14:26:08.850729Z[0m [32m INFO[0m [2mserver::combat[0m[2m:[0m [COMBAT] blueleaf 攻击 翠竹蛇 | 命中率:80% 暴击率:10% | HP:18/190 ATK:2 DEF:5 LVL:1
[2m2026-03-14T14:26:08.850777Z[0m [32m INFO[0m [2mserver::combat[0m[2m:[0m [COMBAT] 伤害计算: base_damage=45, crit_damage=67, defense=5, final_damage=65, is_crit=true, will_kill=true
[2m2026-03-14T14:26:08.850813Z[0m [32m INFO[0m [2mserver::combat[0m[2m:[0m [COMBAT] 翠竹蛇 攻击 blueleaf | 命中率:90% 暴击率:10% | HP:20/300 ATK:12 DEF:5 LVL:2
[2m2026-03-14T14:26:08.850821Z[0m [32m INFO[0m [2mserver::combat[0m[2m:[0m [COMBAT] 伤害计算: base_damage=45, crit_damage=67, defense=5, final_damage=65, is_crit=true, will_kill=true
[2m2026-03-14T14:26:09.851373Z[0m [32m INFO[0m [2mserver::combat[0m[2m:[0m [COMBAT] blueleaf 攻击 翠竹蛇 | 命中率:80% 暴击率:10% | HP:18/190 ATK:2 DEF:5 LVL:1
[2m2026-03-14T14:26:09.851467Z[0m [32m INFO[0m [2mserver::combat[0m[2m:[0m [COMBAT] 翠竹蛇 攻击 blueleaf | 命中率:90% 暴击率:10% | HP:20/300 ATK:12 DEF:5 LVL:2
[2m2026-03-14T14:26:09.851485Z[0m [32m INFO[0m [2mserver::combat[0m[2m:[0m [COMBAT] 伤害计算: base_damage=45, crit_damage=45, defense=5, final_damage=43, is_crit=false, will_kill=true
[2m2026-03-14T14:26:10.853967Z[0m [32m INFO[0m [2mserver::combat[0m[2m:[0m [COMBAT] blueleaf 攻击 翠竹蛇 | 命中率:80% 暴击率:10% | HP:18/190 ATK:2 DEF:5 LVL:1
[2m2026-03-14T14:26:10.854027Z[0m [32m INFO[0m [2mserver::combat[0m[2m:[0m [COMBAT] 伤害计算: base_damage=45, crit_damage=45, defense=5, final_damage=43, is_crit=false, will_kill=true
[2m2026-03-14T14:26:10.854068Z[0m [32m INFO[0m [2mserver::combat[0m[2m:[0m [COMBAT] 翠竹蛇 攻击 blueleaf | 命中率:90% 暴击率:10% | HP:20/300 ATK:12 DEF:5 LVL:2
[2m2026-03-14T14:26:10.854080Z[0m [32m INFO[0m [2mserver::combat[0m[2m:[0m [COMBAT] 伤害计算: base_damage=45, crit_damage=45, defense=5, final_damage=43, is_crit=false, will_kill=true
[2m2026-03-14T14:26:11.855457Z[0m [32m INFO[0m [2mserver::combat[0m[2m:[0m [COMBAT] blueleaf 攻击 翠竹蛇 | 命中率:80% 暴击率:10% | HP:18/190 ATK:2 DEF:5 LVL:1
[2m2026-03-14T14:26:11.855561Z[0m [32m INFO[0m [2mserver::combat[0m[2m:[0m [COMBAT] 伤害计算: base_damage=45, crit_damage=45, defense=5, final_damage=43, is_crit=false, will_kill=true
[2m2026-03-14T14:26:11.855608Z[0m [32m INFO[0m [2mserver::combat[0m[2m:[0m [COMBAT] 翠竹蛇 攻击 blueleaf | 命中率:90% 暴击率:10% | HP:20/300 ATK:12 DEF:5 LVL:2
[2m2026-03-14T14:26:11.855623Z[0m [32m INFO[0m [2mserver::combat[0m[2m:[0m [COMBAT] 伤害计算: base_damage=45, crit_damage=67, defense=5, final_damage=65, is_crit=true, will_kill=true
[2m2026-03-14T14:26:12.857128Z[0m [32m INFO[0m [2mserver::combat[0m[2m:[0m [COMBAT] blueleaf 攻击 翠竹蛇 | 命中率:80% 暴击率:10% | HP:18/190 ATK:2 DEF:5 LVL:1
[2m2026-03-14T14:26:12.857188Z[0m [32m INFO[0m [2mserver::combat[0m[2m:[0m [COMBAT] 伤害计算: base_damage=45, crit_damage=45, defense=5, final_damage=43, is_crit=false, will_kill=true
[2m2026-03-14T14:26:12.857229Z[0m [32m INFO[0m [2mserver::combat[0m[2m:[0m [COMBAT] 翠竹蛇 攻击 blueleaf | 命中率:90% 暴击率:10% | HP:20/300 ATK:12 DEF:5 LVL:2
[2m2026-03-14T14:26:12.857241Z[0m [32m INFO[0m [2mserver::combat[0m[2m:[0m [COMBAT] 伤害计算: base_damage=45, crit_damage=45, defense=5, final_damage=43, is_crit=false, will_kill=true
[2m2026-03-14T14:26:13.858969Z[0m [32m INFO[0m [2mserver::combat[0m[2m:[0m [COMBAT] blueleaf 攻击 翠竹蛇 | 命中率:80% 暴击率:10% | HP:18/190 ATK:2 DEF:5 LVL:1
[2m2026-03-14T14:26:13.859060Z[0m [32m INFO[0m [2mserver::combat[0m[2m:[0m [COMBAT] 伤害计算: base_damage=45, crit_damage=45, defense=5, final_damage=43, is_crit=false, will_kill=true
[2m2026-03-14T14:26:13.859119Z[0m [32m INFO[0m [2mserver::combat[0m[2m:[0m [COMBAT] 翠竹蛇 攻击 blueleaf | 命中率:90% 暴击率:10% | HP:20/300 ATK:12 DEF:5 LVL:2
[2m2026-03-14T14:26:14.860825Z[0m [32m INFO[0m [2mserver::combat[0m[2m:[0m [COMBAT] blueleaf 攻击 翠竹蛇 | 命中率:80% 暴击率:10% | HP:18/190 ATK:2 DEF:5 LVL:1
[2m2026-03-14T14:26:14.860924Z[0m [32m INFO[0m [2mserver::combat[0m[2m:[0m [COMBAT] 伤害计算: base_damage=45, crit_damage=67, defense=5, final_damage=65, is_crit=true, will_kill=true
[2m2026-03-14T14:26:14.860985Z[0m [32m INFO[0m [2mserver::combat[0m[2m:[0m [COMBAT] 翠竹蛇 攻击 blueleaf | 命中率:90% 暴击率:10% | HP:20/300 ATK:12 DEF:5 LVL:2
[2m2026-03-14T14:26:14.861001Z[0m [32m INFO[0m [2mserver::combat[0m[2m:[0m [COMBAT] 伤害计算: base_damage=45, crit_damage=45, defense=5, final_damage=43, is_crit=false, will_kill=true
[2m2026-03-14T14:26:15.861400Z[0m [32m INFO[0m [2mserver::combat[0m[2m:[0m [COMBAT] blueleaf 攻击 翠竹蛇 | 命中率:80% 暴击率:10% | HP:18/190 ATK:2 DEF:5 LVL:1
[2m2026-03-14T14:26:15.861483Z[0m [32m INFO[0m [2mserver::combat[0m[2m:[0m [COMBAT] 翠竹蛇 攻击 blueleaf | 命中率:90% 暴击率:10% | HP:20/300 ATK:12 DEF:5 LVL:2
[2m2026-03-14T14:26:15.861497Z[0m [32m INFO[0m [2mserver::combat[0m[2m:[0m [COMBAT] 伤害计算: base_damage=45, crit_damage=45, defense=5, final_damage=43, is_crit=false, will_kill=true
[2m2026-03-14T14:26:16.863052Z[0m [32m INFO[0m [2mserver::combat[0m[2m:[0m [COMBAT] blueleaf 攻击 翠竹蛇 | 命中率:80% 暴击率:10% | HP:18/190 ATK:2 DEF:5 LVL:1
[2m2026-03-14T14:26:16.863114Z[0m [32m INFO[0m [2mserver::combat[0m[2m:[0m [COMBAT] 伤害计算: base_damage=45, crit_damage=45, defense=5, final_damage=43, is_crit=false, will_kill=true
[2m2026-03-14T14:26:16.863155Z[0m [32m INFO[0m [2mserver::combat[0m[2m:[0m [COMBAT] 翠竹蛇 攻击 blueleaf | 命中率:90% 暴击率:10% | HP:20/300 ATK:12 DEF:5 LVL:2
[2m2026-03-14T14:26:16.863167Z[0m [32m INFO[0m [2mserver::combat[0m[2m:[0m [COMBAT] 伤害计算: base_damage=45, crit_damage=45, defense=5, final_damage=43, is_crit=false, will_kill=true
[2m2026-03-14T14:26:17.864623Z[0m [32m INFO[0m [2mserver::combat[0m[2m:[0m [COMBAT] blueleaf 攻击 翠竹蛇 | 命中率:80% 暴击率:10% | HP:18/190 ATK:2 DEF:5 LVL:1
[2m2026-03-14T14:26:17.864684Z[0m [32m INFO[0m [2mserver::combat[0m[2m:[0m [COMBAT] 伤害计算: base_damage=45, crit_damage=67, defense=5, final_damage=65, is_crit=true, will_kill=true
[2m2026-03-14T14:26:17.864736Z[0m [32m INFO[0m [2mserver::combat[0m[2m:[0m [COMBAT] 翠竹蛇 攻击 blueleaf | 命中率:90% 暴击率:10% | HP:20/300 ATK:12 DEF:5 LVL:2
[2m2026-03-14T14:26:17.864749Z[0m [32m INFO[0m [2mserver::combat[0m[2m:[0m [COMBAT] 伤害计算: base_damage=45, crit_damage=45, defense=5, final_damage=43, is_crit=false, will_kill=true
[2m2026-03-14T14:26:18.866185Z[0m [32m INFO[0m [2mserver::combat[0m[2m:[0m [COMBAT] blueleaf 攻击 翠竹蛇 | 命中率:80% 暴击率:10% | HP:18/190 ATK:2 DEF:5 LVL:1
[2m2026-03-14T14:26:18.866232Z[0m [32m INFO[0m [2mserver::combat[0m[2m:[0m [COMBAT] 伤害计算: base_damage=45, crit_damage=45, defense=5, final_damage=43, is_crit=false, will_kill=true
[2m2026-03-14T14:26:18.866263Z[0m [32m INFO[0m [2mserver::combat[0m[2m:[0m [COMBAT] 翠竹蛇 攻击 blueleaf | 命中率:90% 暴击率:10% | HP:20/300 ATK:12 DEF:5 LVL:2
[2m2026-03-14T14:26:18.866272Z[0m [32m INFO[0m [2mserver::combat[0m[2m:[0m [COMBAT] 伤害计算: base_damage=45, crit_damage=45, defense=5, final_damage=43, is_crit=false, will_kill=true
[2m2026-03-14T14:26:19.867618Z[0m [32m INFO[0m [2mserver::combat[0m[2m:[0m [COMBAT] blueleaf 攻击 翠竹蛇 | 命中率:80% 暴击率:10% | HP:18/190 ATK:2 DEF:5 LVL:1
[2m2026-03-14T14:26:19.867680Z[0m [32m INFO[0m [2mserver::combat[0m[2m:[0m [COMBAT] 伤害计算: base_damage=45, crit_damage=45, defense=5, final_damage=43, is_crit=false, will_kill=true
[2m2026-03-14T14:26:19.867737Z[0m [32m INFO[0m [2mserver::combat[0m[2m:[0m [COMBAT] 翠竹蛇 攻击 blueleaf | 命中率:90% 暴击率:10% | HP:20/300 ATK:12 DEF:5 LVL:2
[2m2026-03-14T14:26:19.867752Z[0m [32m INFO[0m [2mserver::combat[0m[2m:[0m [COMBAT] 伤害计算: base_damage=45, crit_damage=45, defense=5, final_damage=43, is_crit=false, will_kill=true
[2m2026-03-14T14:26:20.869256Z[0m [32m INFO[0m [2mserver::combat[0m[2m:[0m [COMBAT] blueleaf 攻击 翠竹蛇 | 命中率:80% 暴击率:10% | HP:18/190 ATK:2 DEF:5 LVL:1
[2m2026-03-14T14:26:20.869304Z[0m [32m INFO[0m [2mserver::combat[0m[2m:[0m [COMBAT] 伤害计算: base_damage=45, crit_damage=45, defense=5, final_damage=43, is_crit=false, will_kill=true
[2m2026-03-14T14:26:20.869341Z[0m [32m INFO[0m [2mserver::combat[0m[2m:[0m [COMBAT] 翠竹蛇 攻击 blueleaf | 命中率:90% 暴击率:10% | HP:20/300 ATK:12 DEF:5 LVL:2
[2m2026-03-14T14:26:20.869350Z[0m [32m INFO[0m [2mserver::combat[0m[2m:[0m [COMBAT] 伤害计算: base_damage=45, crit_damage=45, defense=5, final_damage=43, is_crit=false, will_kill=true
[2m2026-03-14T14:26:21.870765Z[0m [32m INFO[0m [2mserver::combat[0m[2m:[0m [COMBAT] blueleaf 攻击 翠竹蛇 | 命中率:80% 暴击率:10% | HP:18/190 ATK:2 DEF:5 LVL:1
[2m2026-03-14T14:26:21.870818Z[0m [32m INFO[0m [2mserver::combat[0m[2m:[0m [COMBAT] 伤害计算: base_damage=45, crit_damage=45, defense=5, final_damage=43, is_crit=false, will_kill=true
[2m2026-03-14T14:26:21.870850Z[0m [32m INFO[0m [2mserver::combat[0m[2m:[0m [COMBAT] 翠竹蛇 攻击 blueleaf | 命中率:90% 暴击率:10% | HP:20/300 ATK:12 DEF:5 LVL:2
[2m2026-03-14T14:26:21.870859Z[0m [32m INFO[0m [2mserver::combat[0m[2m:[0m [COMBAT] 伤害计算: base_damage=45, crit_damage=45, defense=5, final_damage=43, is_crit=false, will_kill=true
[2m2026-03-14T14:26:22.871265Z[0m [32m INFO[0m [2mserver::combat[0m[2m:[0m [COMBAT] blueleaf 攻击 翠竹蛇 | 命中率:80% 暴击率:10% | HP:18/190 ATK:2 DEF:5 LVL:1
[2m2026-03-14T14:26:22.871311Z[0m [32m INFO[0m [2mserver::combat[0m[2m:[0m [COMBAT] 伤害计算: base_damage=45, crit_damage=45, defense=5, final_damage=43, is_crit=false, will_kill=true
[2m2026-03-14T14:26:22.871351Z[0m [32m INFO[0m [2mserver::combat[0m[2m:[0m [COMBAT] 翠竹蛇 攻击 blueleaf | 命中率:90% 暴击率:10% | HP:20/300 ATK:12 DEF:5 LVL:2
[2m2026-03-14T14:26:22.871358Z[0m [32m INFO[0m [2mserver::combat[0m[2m:[0m [COMBAT] 伤害计算: base_damage=45, crit_damage=45, defense=5, final_damage=43, is_crit=false, will_kill=true
[2m2026-03-14T14:26:23.872762Z[0m [32m INFO[0m [2mserver::combat[0m[2m:[0m [COMBAT] blueleaf 攻击 翠竹蛇 | 命中率:80% 暴击率:10% | HP:18/190 ATK:2 DEF:5 LVL:1
[2m2026-03-14T14:26:23.872813Z[0m [32m INFO[0m [2mserver::combat[0m[2m:[0m [COMBAT] 伤害计算: base_damage=45, crit_damage=45, defense=5, final_damage=43, is_crit=false, will_kill=true
[2m2026-03-14T14:26:23.872843Z[0m [32m INFO[0m [2mserver::combat[0m[2m:[0m [COMBAT] 翠竹蛇 攻击 blueleaf | 命中率:90% 暴击率:10% | HP:20/300 ATK:12 DEF:5 LVL:2
[2m2026-03-14T14:26:23.872853Z[0m [32m INFO[0m [2mserver::combat[0m[2m:[0m [COMBAT] 伤害计算: base_damage=45, crit_damage=45, defense=5, final_damage=43, is_crit=false, will_kill=true
[2m2026-03-14T14:26:24.873348Z[0m [32m INFO[0m [2mserver::combat[0m[2m:[0m [COMBAT] blueleaf 攻击 翠竹蛇 | 命中率:80% 暴击率:10% | HP:18/190 ATK:2 DEF:5 LVL:1
[2m2026-03-14T14:26:24.873511Z[0m [32m INFO[0m [2mserver::combat[0m[2m:[0m [COMBAT] 翠竹蛇 攻击 blueleaf | 命中率:90% 暴击率:10% | HP:20/300 ATK:12 DEF:5 LVL:2
[2m2026-03-14T14:26:24.873538Z[0m [32m INFO[0m [2mserver::combat[0m[2m:[0m [COMBAT] 伤害计算: base_damage=45, crit_damage=45, defense=5, final_damage=43, is_crit=false, will_kill=true
[2m2026-03-14T14:26:25.875181Z[0m [32m INFO[0m [2mserver::combat[0m[2m:[0m [COMBAT] blueleaf 攻击 翠竹蛇 | 命中率:80% 暴击率:10% | HP:18/190 ATK:2 DEF:5 LVL:1
[2m2026-03-14T14:26:25.875229Z[0m [32m INFO[0m [2mserver::combat[0m[2m:[0m [COMBAT] 伤害计算: base_damage=45, crit_damage=45, defense=5, final_damage=43, is_crit=false, will_kill=true
[2m2026-03-14T14:26:25.875269Z[0m [32m INFO[0m [2mserver::combat[0m[2m:[0m [COMBAT] 翠竹蛇 攻击 blueleaf | 命中率:90% 暴击率:10% | HP:20/300 ATK:12 DEF:5 LVL:2
[2m2026-03-14T14:26:25.875300Z[0m [32m INFO[0m [2mserver::combat[0m[2m:[0m [COMBAT] 伤害计算: base_damage=45, crit_damage=45, defense=5, final_damage=43, is_crit=false, will_kill=true
[2m2026-03-14T14:26:26.876592Z[0m [32m INFO[0m [2mserver::combat[0m[2m:[0m [COMBAT] blueleaf 攻击 翠竹蛇 | 命中率:80% 暴击率:10% | HP:18/190 ATK:2 DEF:5 LVL:1
[2m2026-03-14T14:26:26.876645Z[0m [32m INFO[0m [2mserver::combat[0m[2m:[0m [COMBAT] 伤害计算: base_damage=45, crit_damage=45, defense=5, final_damage=43, is_crit=false, will_kill=true
[2m2026-03-14T14:26:26.876676Z[0m [32m INFO[0m [2mserver::combat[0m[2m:[0m [COMBAT] 翠竹蛇 攻击 blueleaf | 命中率:90% 暴击率:10% | HP:20/300 ATK:12 DEF:5 LVL:2
[2m2026-03-14T14:26:26.876685Z[0m [32m INFO[0m [2mserver::combat[0m[2m:[0m [COMBAT] 伤害计算: base_damage=45, crit_damage=45, defense=5, final_damage=43, is_crit=false, will_kill=true
[2m2026-03-14T14:26:27.877991Z[0m [32m INFO[0m [2mserver::combat[0m[2m:[0m [COMBAT] blueleaf 攻击 翠竹蛇 | 命中率:80% 暴击率:10% | HP:18/190 ATK:2 DEF:5 LVL:1
[2m2026-03-14T14:26:27.878093Z[0m [32m INFO[0m [2mserver::combat[0m[2m:[0m [COMBAT] 伤害计算: base_damage=45, crit_damage=45, defense=5, final_damage=43, is_crit=false, will_kill=true
[2m2026-03-14T14:26:27.878125Z[0m [32m INFO[0m [2mserver::combat[0m[2m:[0m [COMBAT] 翠竹蛇 攻击 blueleaf | 命中率:90% 暴击率:10% | HP:20/300 ATK:12 DEF:5 LVL:2
[2m2026-03-14T14:26:27.878134Z[0m [32m INFO[0m [2mserver::combat[0m[2m:[0m [COMBAT] 伤害计算: base_damage=45, crit_damage=45, defense=5, final_damage=43, is_crit=false, will_kill=true
[2m2026-03-14T14:26:28.879577Z[0m [32m INFO[0m [2mserver::combat[0m[2m:[0m [COMBAT] blueleaf 攻击 翠竹蛇 | 命中率:80% 暴击率:10% | HP:18/190 ATK:2 DEF:5 LVL:1
[2m2026-03-14T14:26:28.879668Z[0m [32m INFO[0m [2mserver::combat[0m[2m:[0m [COMBAT] 翠竹蛇 攻击 blueleaf | 命中率:90% 暴击率:10% | HP:20/300 ATK:12 DEF:5 LVL:2
[2m2026-03-14T14:26:28.879687Z[0m [32m INFO[0m [2mserver::combat[0m[2m:[0m [COMBAT] 伤害计算: base_damage=45, crit_damage=45, defense=5, final_damage=43, is_crit=false, will_kill=true
[2m2026-03-14T14:26:29.880267Z[0m [32m INFO[0m [2mserver::combat[0m[2m:[0m [COMBAT] blueleaf 攻击 翠竹蛇 | 命中率:80% 暴击率:10% | HP:18/190 ATK:2 DEF:5 LVL:1
[2m2026-03-14T14:26:29.880315Z[0m [32m INFO[0m [2mserver::combat[0m[2m:[0m [COMBAT] 伤害计算: base_damage=45, crit_damage=45, defense=5, final_damage=43, is_crit=false, will_kill=true
[2m2026-03-14T14:26:29.880347Z[0m [32m INFO[0m [2mserver::combat[0m[2m:[0m [COMBAT] 翠竹蛇 攻击 blueleaf | 命中率:90% 暴击率:10% | HP:20/300 ATK:12 DEF:5 LVL:2
[2m2026-03-14T14:26:29.880356Z[0m [32m INFO[0m [2mserver::combat[0m[2m:[0m [COMBAT] 伤害计算: base_damage=45, crit_damage=45, defense=5, final_damage=43, is_crit=false, will_kill=true
[2m2026-03-14T14:26:30.882051Z[0m [32m INFO[0m [2mserver::combat[0m[2m:[0m [COMBAT] blueleaf 攻击 翠竹蛇 | 命中率:80% 暴击率:10% | HP:18/190 ATK:2 DEF:5 LVL:1
[2m2026-03-14T14:26:30.882101Z[0m [32m INFO[0m [2mserver::combat[0m[2m:[0m [COMBAT] 伤害计算: base_damage=45, crit_damage=45, defense=5, final_damage=43, is_crit=false, will_kill=true
[2m2026-03-14T14:26:30.882132Z[0m [32m INFO[0m [2mserver::combat[0m[2m:[0m [COMBAT] 翠竹蛇 攻击 blueleaf | 命中率:90% 暴击率:10% | HP:20/300 ATK:12 DEF:5 LVL:2
[2m2026-03-14T14:26:30.882141Z[0m [32m INFO[0m [2mserver::combat[0m[2m:[0m [COMBAT] 伤害计算: base_damage=45, crit_damage=45, defense=5, final_damage=43, is_crit=false, will_kill=true
[2m2026-03-14T14:26:31.883492Z[0m [32m INFO[0m [2mserver::combat[0m[2m:[0m [COMBAT] blueleaf 攻击 翠竹蛇 | 命中率:80% 暴击率:10% | HP:18/190 ATK:2 DEF:5 LVL:1
[2m2026-03-14T14:26:31.883558Z[0m [32m INFO[0m [2mserver::combat[0m[2m:[0m [COMBAT] 翠竹蛇 攻击 blueleaf | 命中率:90% 暴击率:10% | HP:20/300 ATK:12 DEF:5 LVL:2
[2m2026-03-14T14:26:31.883569Z[0m [32m INFO[0m [2mserver::combat[0m[2m:[0m [COMBAT] 伤害计算: base_damage=45, crit_damage=45, defense=5, final_damage=43, is_crit=false, will_kill=true
[2m2026-03-14T14:26:32.885108Z[0m [32m INFO[0m [2mserver::combat[0m[2m:[0m [COMBAT] blueleaf 攻击 翠竹蛇 | 命中率:80% 暴击率:10% | HP:18/190 ATK:2 DEF:5 LVL:1
[2m2026-03-14T14:26:32.885165Z[0m [32m INFO[0m [2mserver::combat[0m[2m:[0m [COMBAT] 伤害计算: base_damage=45, crit_damage=45, defense=5, final_damage=43, is_crit=false, will_kill=true
[2m2026-03-14T14:26:32.885198Z[0m [32m INFO[0m [2mserver::combat[0m[2m:[0m [COMBAT] 翠竹蛇 攻击 blueleaf | 命中率:90% 暴击率:10% | HP:20/300 ATK:12 DEF:5 LVL:2
[2m2026-03-14T14:26:32.885207Z[0m [32m INFO[0m [2mserver::combat[0m[2m:[0m [COMBAT] 伤害计算: base_damage=45, crit_damage=45, defense=5, final_damage=43, is_crit=false, will_kill=true
[2m2026-03-14T14:26:33.886572Z[0m [32m INFO[0m [2mserver::combat[0m[2m:[0m [COMBAT] blueleaf 攻击 翠竹蛇 | 命中率:80% 暴击率:10% | HP:18/190 ATK:2 DEF:5 LVL:1
[2m2026-03-14T14:26:33.886640Z[0m [32m INFO[0m [2mserver::combat[0m[2m:[0m [COMBAT] 翠竹蛇 攻击 blueleaf | 命中率:90% 暴击率:10% | HP:20/300 ATK:12 DEF:5 LVL:2
[2m2026-03-14T14:26:33.886651Z[0m [32m INFO[0m [2mserver::combat[0m[2m:[0m [COMBAT] 伤害计算: base_damage=45, crit_damage=45, defense=5, final_damage=43, is_crit=false, will_kill=true
[2m2026-03-14T14:26:34.888282Z[0m [32m INFO[0m [2mserver::combat[0m[2m:[0m [COMBAT] blueleaf 攻击 翠竹蛇 | 命中率:80% 暴击率:10% | HP:18/190 ATK:2 DEF:5 LVL:1
[2m2026-03-14T14:26:34.888348Z[0m [32m INFO[0m [2mserver::combat[0m[2m:[0m [COMBAT] 翠竹蛇 攻击 blueleaf | 命中率:90% 暴击率:10% | HP:20/300 ATK:12 DEF:5 LVL:2
[2m2026-03-14T14:26:34.888358Z[0m [32m INFO[0m [2mserver::combat[0m[2m:[0m [COMBAT] 伤害计算: base_damage=45, crit_damage=45, defense=5, final_damage=43, is_crit=false, will_kill=true
[2m2026-03-14T14:26:35.889968Z[0m [32m INFO[0m [2mserver::combat[0m[2m:[0m [COMBAT] blueleaf 攻击 翠竹蛇 | 命中率:80% 暴击率:10% | HP:18/190 ATK:2 DEF:5 LVL:1
[2m2026-03-14T14:26:35.890013Z[0m [32m INFO[0m [2mserver::combat[0m[2m:[0m [COMBAT] 伤害计算: base_damage=45, crit_damage=45, defense=5, final_damage=43, is_crit=false, will_kill=true
[2m2026-03-14T14:26:35.890041Z[0m [32m INFO[0m [2mserver::combat[0m[2m:[0m [COMBAT] 翠竹蛇 攻击 blueleaf | 命中率:90% 暴击率:10% | HP:20/300 ATK:12 DEF:5 LVL:2
[2m2026-03-14T14:26:35.890048Z[0m [32m INFO[0m [2mserver::combat[0m[2m:[0m [COMBAT] 伤害计算: base_damage=45, crit_damage=45, defense=5, final_damage=43, is_crit=false, will_kill=true
[2m2026-03-14T14:26:36.891387Z[0m [32m INFO[0m [2mserver::combat[0m[2m:[0m [COMBAT] blueleaf 攻击 翠竹蛇 | 命中率:80% 暴击率:10% | HP:18/190 ATK:2 DEF:5 LVL:1
[2m2026-03-14T14:26:36.891436Z[0m [32m INFO[0m [2mserver::combat[0m[2m:[0m [COMBAT] 伤害计算: base_damage=45, crit_damage=45, defense=5, final_damage=43, is_crit=false, will_kill=true
[2m2026-03-14T14:26:36.891469Z[0m [32m INFO[0m [2mserver::combat[0m[2m:[0m [COMBAT] 翠竹蛇 攻击 blueleaf | 命中率:90% 暴击率:10% | HP:20/300 ATK:12 DEF:5 LVL:2
[2m2026-03-14T14:26:36.891477Z[0m [32m INFO[0m [2mserver::combat[0m[2m:[0m [COMBAT] 伤害计算: base_damage=45, crit_damage=45, defense=5, final_damage=43, is_crit=false, will_kill=true
[2m2026-03-14T14:26:37.892901Z[0m [32m INFO[0m [2mserver::combat[0m[2m:[0m [COMBAT] blueleaf 攻击 翠竹蛇 | 命中率:80% 暴击率:10% | HP:18/190 ATK:2 DEF:5 LVL:1
[2m2026-03-14T14:26:37.892951Z[0m [32m INFO[0m [2mserver::combat[0m[2m:[0m [COMBAT] 伤害计算: base_damage=45, crit_damage=45, defense=5, final_damage=43, is_crit=false, will_kill=true
[2m2026-03-14T14:26:37.892984Z[0m [32m INFO[0m [2mserver::combat[0m[2m:[0m [COMBAT] 翠竹蛇 攻击 blueleaf | 命中率:90% 暴击率:10% | HP:20/300 ATK:12 DEF:5 LVL:2
[2m2026-03-14T14:26:37.892991Z[0m [32m INFO[0m [2mserver::combat[0m[2m:[0m [COMBAT] 伤害计算: base_damage=45, crit_damage=45, defense=5, final_damage=43, is_crit=false, will_kill=true
[2m2026-03-14T14:26:38.893442Z[0m [32m INFO[0m [2mserver::combat[0m[2m:[0m [COMBAT] blueleaf 攻击 翠竹蛇 | 命中率:80% 暴击率:10% | HP:18/190 ATK:2 DEF:5 LVL:1
[2m2026-03-14T14:26:38.893506Z[0m [32m INFO[0m [2mserver::combat[0m[2m:[0m [COMBAT] 伤害计算: base_damage=45, crit_damage=67, defense=5, final_damage=65, is_crit=true, will_kill=true
[2m2026-03-14T14:26:38.893555Z[0m [32m INFO[0m [2mserver::combat[0m[2m:[0m [COMBAT] 翠竹蛇 攻击 blueleaf | 命中率:90% 暴击率:10% | HP:20/300 ATK:12 DEF:5 LVL:2
[2m2026-03-14T14:26:38.893568Z[0m [32m INFO[0m [2mserver::combat[0m[2m:[0m [COMBAT] 伤害计算: base_damage=45, crit_damage=45, defense=5, final_damage=43, is_crit=false, will_kill=true
[2m2026-03-14T14:26:39.895024Z[0m [32m INFO[0m [2mserver::combat[0m[2m:[0m [COMBAT] blueleaf 攻击 翠竹蛇 | 命中率:80% 暴击率:10% | HP:18/190 ATK:2 DEF:5 LVL:1
[2m2026-03-14T14:26:39.895112Z[0m [32m INFO[0m [2mserver::combat[0m[2m:[0m [COMBAT] 伤害计算: base_damage=45, crit_damage=45, defense=5, final_damage=43, is_crit=false, will_kill=true
[2m2026-03-14T14:26:39.895168Z[0m [32m INFO[0m [2mserver::combat[0m[2m:[0m [COMBAT] 翠竹蛇 攻击 blueleaf | 命中率:90% 暴击率:10% | HP:20/300 ATK:12 DEF:5 LVL:2
[2m2026-03-14T14:26:39.895184Z[0m [32m INFO[0m [2mserver::combat[0m[2m:[0m [COMBAT] 伤害计算: base_damage=45, crit_damage=45, defense=5, final_damage=43, is_crit=false, will_kill=true
[2m2026-03-14T14:26:40.896622Z[0m [32m INFO[0m [2mserver::combat[0m[2m:[0m [COMBAT] blueleaf 攻击 翠竹蛇 | 命中率:80% 暴击率:10% | HP:18/190 ATK:2 DEF:5 LVL:1
[2m2026-03-14T14:26:40.896687Z[0m [32m INFO[0m [2mserver::combat[0m[2m:[0m [COMBAT] 伤害计算: base_damage=45, crit_damage=45, defense=5, final_damage=43, is_crit=false, will_kill=true
[2m2026-03-14T14:26:40.896751Z[0m [32m INFO[0m [2mserver::combat[0m[2m:[0m [COMBAT] 翠竹蛇 攻击 blueleaf | 命中率:90% 暴击率:10% | HP:20/300 ATK:12 DEF:5 LVL:2
[2m2026-03-14T14:26:40.896764Z[0m [32m INFO[0m [2mserver::combat[0m[2m:[0m [COMBAT] 伤害计算: base_damage=45, crit_damage=45, defense=5, final_damage=43, is_crit=false, will_kill=true
[2m2026-03-14T14:26:41.897289Z[0m [32m INFO[0m [2mserver::combat[0m[2m:[0m [COMBAT] blueleaf 攻击 翠竹蛇 | 命中率:80% 暴击率:10% | HP:18/190 ATK:2 DEF:5 LVL:1
[2m2026-03-14T14:26:41.897355Z[0m [32m INFO[0m [2mserver::combat[0m[2m:[0m [COMBAT] 伤害计算: base_damage=45, crit_damage=45, defense=5, final_damage=43, is_crit=false, will_kill=true
[2m2026-03-14T14:26:41.897401Z[0m [32m INFO[0m [2mserver::combat[0m[2m:[0m [COMBAT] 翠竹蛇 攻击 blueleaf | 命中率:90% 暴击率:10% | HP:20/300 ATK:12 DEF:5 LVL:2
[2m2026-03-14T14:26:41.897462Z[0m [32m INFO[0m [2mserver::combat[0m[2m:[0m [COMBAT] 伤害计算: base_damage=45, crit_damage=45, defense=5, final_damage=43, is_crit=false, will_kill=true
[2m2026-03-14T14:26:42.899433Z[0m [32m INFO[0m [2mserver::combat[0m[2m:[0m [COMBAT] blueleaf 攻击 翠竹蛇 | 命中率:80% 暴击率:10% | HP:18/190 ATK:2 DEF:5 LVL:1
[2m2026-03-14T14:26:42.899505Z[0m [32m INFO[0m [2mserver::combat[0m[2m:[0m [COMBAT] 伤害计算: base_damage=45, crit_damage=45, defense=5, final_damage=43, is_crit=false, will_kill=true
[2m2026-03-14T14:26:42.899553Z[0m [32m INFO[0m [2mserver::combat[0m[2m:[0m [COMBAT] 翠竹蛇 攻击 blueleaf | 命中率:90% 暴击率:10% | HP:20/300 ATK:12 DEF:5 LVL:2
[2m2026-03-14T14:26:42.899568Z[0m [32m INFO[0m [2mserver::combat[0m[2m:[0m [COMBAT] 伤害计算: base_damage=45, crit_damage=45, defense=5, final_damage=43, is_crit=false, will_kill=true
[2m2026-03-14T14:26:43.901108Z[0m [32m INFO[0m [2mserver::combat[0m[2m:[0m [COMBAT] blueleaf 攻击 翠竹蛇 | 命中率:80% 暴击率:10% | HP:18/190 ATK:2 DEF:5 LVL:1
[2m2026-03-14T14:26:43.901164Z[0m [32m INFO[0m [2mserver::combat[0m[2m:[0m [COMBAT] 伤害计算: base_damage=45, crit_damage=45, defense=5, final_damage=43, is_crit=false, will_kill=true
[2m2026-03-14T14:26:43.901197Z[0m [32m INFO[0m [2mserver::combat[0m[2m:[0m [COMBAT] 翠竹蛇 攻击 blueleaf | 命中率:90% 暴击率:10% | HP:20/300 ATK:12 DEF:5 LVL:2
[2m2026-03-14T14:26:44.902744Z[0m [32m INFO[0m [2mserver::combat[0m[2m:[0m [COMBAT] blueleaf 攻击 翠竹蛇 | 命中率:80% 暴击率:10% | HP:18/190 ATK:2 DEF:5 LVL:1
[2m2026-03-14T14:26:44.902789Z[0m [32m INFO[0m [2mserver::combat[0m[2m:[0m [COMBAT] 伤害计算: base_damage=45, crit_damage=45, defense=5, final_damage=43, is_crit=false, will_kill=true
[2m2026-03-14T14:26:44.902818Z[0m [32m INFO[0m [2mserver::combat[0m[2m:[0m [COMBAT] 翠竹蛇 攻击 blueleaf | 命中率:90% 暴击率:10% | HP:20/300 ATK:12 DEF:5 LVL:2
[2m2026-03-14T14:26:44.902825Z[0m [32m INFO[0m [2mserver::combat[0m[2m:[0m [COMBAT] 伤害计算: base_damage=45, crit_damage=45, defense=5, final_damage=43, is_crit=false, will_kill=true
[2m2026-03-14T14:26:45.904211Z[0m [32m INFO[0m [2mserver::combat[0m[2m:[0m [COMBAT] blueleaf 攻击 翠竹蛇 | 命中率:80% 暴击率:10% | HP:18/190 ATK:2 DEF:5 LVL:1
[2m2026-03-14T14:26:45.904262Z[0m [32m INFO[0m [2mserver::combat[0m[2m:[0m [COMBAT] 伤害计算: base_damage=45, crit_damage=67, defense=5, final_damage=65, is_crit=true, will_kill=true
[2m2026-03-14T14:26:45.904301Z[0m [32m INFO[0m [2mserver::combat[0m[2m:[0m [COMBAT] 翠竹蛇 攻击 blueleaf | 命中率:90% 暴击率:10% | HP:20/300 ATK:12 DEF:5 LVL:2
[2m2026-03-14T14:26:45.904310Z[0m [32m INFO[0m [2mserver::combat[0m[2m:[0m [COMBAT] 伤害计算: base_damage=45, crit_damage=67, defense=5, final_damage=65, is_crit=true, will_kill=true
[2m2026-03-14T14:26:46.905937Z[0m [32m INFO[0m [2mserver::combat[0m[2m:[0m [COMBAT] blueleaf 攻击 翠竹蛇 | 命中率:80% 暴击率:10% | HP:18/190 ATK:2 DEF:5 LVL:1
[2m2026-03-14T14:26:46.906023Z[0m [32m INFO[0m [2mserver::combat[0m[2m:[0m [COMBAT] 伤害计算: base_damage=45, crit_damage=45, defense=5, final_damage=43, is_crit=false, will_kill=true
[2m2026-03-14T14:26:46.906096Z[0m [32m INFO[0m [2mserver::combat[0m[2m:[0m [COMBAT] 翠竹蛇 攻击 blueleaf | 命中率:90% 暴击率:10% | HP:20/300 ATK:12 DEF:5 LVL:2
[2m2026-03-14T14:26:46.906111Z[0m [32m INFO[0m [2mserver::combat[0m[2m:[0m [COMBAT] 伤害计算: base_damage=45, crit_damage=45, defense=5, final_damage=43, is_crit=false, will_kill=true
[2m2026-03-14T14:26:47.907565Z[0m [32m INFO[0m [2mserver::combat[0m[2m:[0m [COMBAT] blueleaf 攻击 翠竹蛇 | 命中率:80% 暴击率:10% | HP:18/190 ATK:2 DEF:5 LVL:1
[2m2026-03-14T14:26:47.907633Z[0m [32m INFO[0m [2mserver::combat[0m[2m:[0m [COMBAT] 伤害计算: base_damage=45, crit_damage=45, defense=5, final_damage=43, is_crit=false, will_kill=true
[2m2026-03-14T14:26:47.907681Z[0m [32m INFO[0m [2mserver::combat[0m[2m:[0m [COMBAT] 翠竹蛇 攻击 blueleaf | 命中率:90% 暴击率:10% | HP:20/300 ATK:12 DEF:5 LVL:2
[2m2026-03-14T14:26:47.907697Z[0m [32m INFO[0m [2mserver::combat[0m[2m:[0m [COMBAT] 伤害计算: base_damage=45, crit_damage=45, defense=5, final_damage=43, is_crit=false, will_kill=true
[2m2026-03-14T14:26:48.909175Z[0m [32m INFO[0m [2mserver::combat[0m[2m:[0m [COMBAT] blueleaf 攻击 翠竹蛇 | 命中率:80% 暴击率:10% | HP:18/190 ATK:2 DEF:5 LVL:1
[2m2026-03-14T14:26:48.909229Z[0m [32m INFO[0m [2mserver::combat[0m[2m:[0m [COMBAT] 伤害计算: base_damage=45, crit_damage=45, defense=5, final_damage=43, is_crit=false, will_kill=true
[2m2026-03-14T14:26:48.909262Z[0m [32m INFO[0m [2mserver::combat[0m[2m:[0m [COMBAT] 翠竹蛇 攻击 blueleaf | 命中率:90% 暴击率:10% | HP:20/300 ATK:12 DEF:5 LVL:2
[2m2026-03-14T14:26:48.909270Z[0m [32m INFO[0m [2mserver::combat[0m[2m:[0m [COMBAT] 伤害计算: base_damage=45, crit_damage=45, defense=5, final_damage=43, is_crit=false, will_kill=true
[2m2026-03-14T14:26:49.910962Z[0m [32m INFO[0m [2mserver::combat[0m[2m:[0m [COMBAT] blueleaf 攻击 翠竹蛇 | 命中率:80% 暴击率:10% | HP:18/190 ATK:2 DEF:5 LVL:1
[2m2026-03-14T14:26:49.911062Z[0m [32m INFO[0m [2mserver::combat[0m[2m:[0m [COMBAT] 伤害计算: base_damage=45, crit_damage=45, defense=5, final_damage=43, is_crit=false, will_kill=true
[2m2026-03-14T14:26:49.911116Z[0m [32m INFO[0m [2mserver::combat[0m[2m:[0m [COMBAT] 翠竹蛇 攻击 blueleaf | 命中率:90% 暴击率:10% | HP:20/300 ATK:12 DEF:5 LVL:2
[2m2026-03-14T14:26:49.911143Z[0m [32m INFO[0m [2mserver::combat[0m[2m:[0m [COMBAT] 伤害计算: base_damage=45, crit_damage=45, defense=5, final_damage=43, is_crit=false, will_kill=true
[2m2026-03-14T14:26:50.912677Z[0m [32m INFO[0m [2mserver::combat[0m[2m:[0m [COMBAT] blueleaf 攻击 翠竹蛇 | 命中率:80% 暴击率:10% | HP:18/190 ATK:2 DEF:5 LVL:1
[2m2026-03-14T14:26:50.912745Z[0m [32m INFO[0m [2mserver::combat[0m[2m:[0m [COMBAT] 伤害计算: base_damage=45, crit_damage=45, defense=5, final_damage=43, is_crit=false, will_kill=true
[2m2026-03-14T14:26:50.912780Z[0m [32m INFO[0m [2mserver::combat[0m[2m:[0m [COMBAT] 翠竹蛇 攻击 blueleaf | 命中率:90% 暴击率:10% | HP:20/300 ATK:12 DEF:5 LVL:2
[2m2026-03-14T14:26:50.912791Z[0m [32m INFO[0m [2mserver::combat[0m[2m:[0m [COMBAT] 伤害计算: base_damage=45, crit_damage=45, defense=5, final_damage=43, is_crit=false, will_kill=true
[2m2026-03-14T14:26:51.914152Z[0m [32m INFO[0m [2mserver::combat[0m[2m:[0m [COMBAT] blueleaf 攻击 翠竹蛇 | 命中率:80% 暴击率:10% | HP:18/190 ATK:2 DEF:5 LVL:1
[2m2026-03-14T14:26:51.914197Z[0m [32m INFO[0m [2mserver::combat[0m[2m:[0m [COMBAT] 伤害计算: base_damage=45, crit_damage=45, defense=5, final_damage=43, is_crit=false, will_kill=true
[2m2026-03-14T14:26:51.914225Z[0m [32m INFO[0m [2mserver::combat[0m[2m:[0m [COMBAT] 翠竹蛇 攻击 blueleaf | 命中率:90% 暴击率:10% | HP:20/300 ATK:12 DEF:5 LVL:2
[2m2026-03-14T14:26:51.914235Z[0m [32m INFO[0m [2mserver::combat[0m[2m:[0m [COMBAT] 伤害计算: base_damage=45, crit_damage=45, defense=5, final_damage=43, is_crit=false, will_kill=true
[2m2026-03-14T14:26:52.915676Z[0m [32m INFO[0m [2mserver::combat[0m[2m:[0m [COMBAT] blueleaf 攻击 翠竹蛇 | 命中率:80% 暴击率:10% | HP:18/190 ATK:2 DEF:5 LVL:1
[2m2026-03-14T14:26:52.915726Z[0m [32m INFO[0m [2mserver::combat[0m[2m:[0m [COMBAT] 伤害计算: base_damage=45, crit_damage=45, defense=5, final_damage=43, is_crit=false, will_kill=true
[2m2026-03-14T14:26:52.915758Z[0m [32m INFO[0m [2mserver::combat[0m[2m:[0m [COMBAT] 翠竹蛇 攻击 blueleaf | 命中率:90% 暴击率:10% | HP:20/300 ATK:12 DEF:5 LVL:2
[2m2026-03-14T14:26:52.915767Z[0m [32m INFO[0m [2mserver::combat[0m[2m:[0m [COMBAT] 伤害计算: base_damage=45, crit_damage=45, defense=5, final_damage=43, is_crit=false, will_kill=true
[2m2026-03-14T14:26:53.917579Z[0m [32m INFO[0m [2mserver::combat[0m[2m:[0m [COMBAT] blueleaf 攻击 翠竹蛇 | 命中率:80% 暴击率:10% | HP:18/190 ATK:2 DEF:5 LVL:1
[2m2026-03-14T14:26:53.917721Z[0m [32m INFO[0m [2mserver::combat[0m[2m:[0m [COMBAT] 翠竹蛇 攻击 blueleaf | 命中率:90% 暴击率:10% | HP:20/300 ATK:12 DEF:5 LVL:2
[2m2026-03-14T14:26:53.917746Z[0m [32m INFO[0m [2mserver::combat[0m[2m:[0m [COMBAT] 伤害计算: base_damage=45, crit_damage=45, defense=5, final_damage=43, is_crit=false, will_kill=true
[2m2026-03-14T14:26:54.918685Z[0m [32m INFO[0m [2mserver::combat[0m[2m:[0m [COMBAT] blueleaf 攻击 翠竹蛇 | 命中率:80% 暴击率:10% | HP:18/190 ATK:2 DEF:5 LVL:1
[2m2026-03-14T14:26:54.918756Z[0m [32m INFO[0m [2mserver::combat[0m[2m:[0m [COMBAT] 伤害计算: base_damage=45, crit_damage=45, defense=5, final_damage=43, is_crit=false, will_kill=true
[2m2026-03-14T14:26:54.918815Z[0m [32m INFO[0m [2mserver::combat[0m[2m:[0m [COMBAT] 翠竹蛇 攻击 blueleaf | 命中率:90% 暴击率:10% | HP:20/300 ATK:12 DEF:5 LVL:2
[2m2026-03-14T14:26:54.918846Z[0m [32m INFO[0m [2mserver::combat[0m[2m:[0m [COMBAT] 伤害计算: base_damage=45, crit_damage=45, defense=5, final_damage=43, is_crit=false, will_kill=true
[2m2026-03-14T14:26:55.919246Z[0m [32m INFO[0m [2mserver::combat[0m[2m:[0m [COMBAT] blueleaf 攻击 翠竹蛇 | 命中率:80% 暴击率:10% | HP:18/190 ATK:2 DEF:5 LVL:1
[2m2026-03-14T14:26:55.919327Z[0m [32m INFO[0m [2mserver::combat[0m[2m:[0m [COMBAT] 伤害计算: base_damage=45, crit_damage=45, defense=5, final_damage=43, is_crit=false, will_kill=true
[2m2026-03-14T14:26:55.919360Z[0m [32m INFO[0m [2mserver::combat[0m[2m:[0m [COMBAT] 翠竹蛇 攻击 blueleaf | 命中率:90% 暴击率:10% | HP:20/300 ATK:12 DEF:5 LVL:2
[2m2026-03-14T14:26:55.919369Z[0m [32m INFO[0m [2mserver::combat[0m[2m:[0m [COMBAT] 伤害计算: base_damage=45, crit_damage=45, defense=5, final_damage=43, is_crit=false, will_kill=true
[2m2026-03-14T14:26:56.920736Z[0m [32m INFO[0m [2mserver::combat[0m[2m:[0m [COMBAT] blueleaf 攻击 翠竹蛇 | 命中率:80% 暴击率:10% | HP:18/190 ATK:2 DEF:5 LVL:1
[2m2026-03-14T14:26:56.920797Z[0m [32m INFO[0m [2mserver::combat[0m[2m:[0m [COMBAT] 伤害计算: base_damage=45, crit_damage=45, defense=5, final_damage=43, is_crit=false, will_kill=true
[2m2026-03-14T14:26:56.920827Z[0m [32m INFO[0m [2mserver::combat[0m[2m:[0m [COMBAT] 翠竹蛇 攻击 blueleaf | 命中率:90% 暴击率:10% | HP:20/300 ATK:12 DEF:5 LVL:2
[2m2026-03-14T14:26:56.920835Z[0m [32m INFO[0m [2mserver::combat[0m[2m:[0m [COMBAT] 伤害计算: base_damage=45, crit_damage=45, defense=5, final_damage=43, is_crit=false, will_kill=true
[2m2026-03-14T14:26:57.922144Z[0m [32m INFO[0m [2mserver::combat[0m[2m:[0m [COMBAT] blueleaf 攻击 翠竹蛇 | 命中率:80% 暴击率:10% | HP:18/190 ATK:2 DEF:5 LVL:1
[2m2026-03-14T14:26:57.922190Z[0m [32m INFO[0m [2mserver::combat[0m[2m:[0m [COMBAT] 伤害计算: base_damage=45, crit_damage=45, defense=5, final_damage=43, is_crit=false, will_kill=true
[2m2026-03-14T14:26:57.922221Z[0m [32m INFO[0m [2mserver::combat[0m[2m:[0m [COMBAT] 翠竹蛇 攻击 blueleaf | 命中率:90% 暴击率:10% | HP:20/300 ATK:12 DEF:5 LVL:2
[2m2026-03-14T14:26:58.923981Z[0m [32m INFO[0m [2mserver::combat[0m[2m:[0m [COMBAT] blueleaf 攻击 翠竹蛇 | 命中率:80% 暴击率:10% | HP:18/190 ATK:2 DEF:5 LVL:1
[2m2026-03-14T14:26:58.924048Z[0m [32m INFO[0m [2mserver::combat[0m[2m:[0m [COMBAT] 伤害计算: base_damage=45, crit_damage=45, defense=5, final_damage=43, is_crit=false, will_kill=true
[2m2026-03-14T14:26:58.924111Z[0m [32m INFO[0m [2mserver::combat[0m[2m:[0m [COMBAT] 翠竹蛇 攻击 blueleaf | 命中率:90% 暴击率:10% | HP:20/300 ATK:12 DEF:5 LVL:2
[2m2026-03-14T14:26:58.924133Z[0m [32m INFO[0m [2mserver::combat[0m[2m:[0m [COMBAT] 伤害计算: base_damage=45, crit_damage=45, defense=5, final_damage=43, is_crit=false, will_kill=true
[2m2026-03-14T14:26:59.925848Z[0m [32m INFO[0m [2mserver::combat[0m[2m:[0m [COMBAT] blueleaf 攻击 翠竹蛇 | 命中率:80% 暴击率:10% | HP:18/190 ATK:2 DEF:5 LVL:1
[2m2026-03-14T14:26:59.926070Z[0m [32m INFO[0m [2mserver::combat[0m[2m:[0m [COMBAT] 伤害计算: base_damage=45, crit_damage=45, defense=5, final_damage=43, is_crit=false, will_kill=true
[2m2026-03-14T14:26:59.926173Z[0m [32m INFO[0m [2mserver::combat[0m[2m:[0m [COMBAT] 翠竹蛇 攻击 blueleaf | 命中率:90% 暴击率:10% | HP:20/300 ATK:12 DEF:5 LVL:2
[2m2026-03-14T14:26:59.926194Z[0m [32m INFO[0m [2mserver::combat[0m[2m:[0m [COMBAT] 伤害计算: base_damage=45, crit_damage=45, defense=5, final_damage=43, is_crit=false, will_kill=true
[2m2026-03-14T14:27:00.927728Z[0m [32m INFO[0m [2mserver::combat[0m[2m:[0m [COMBAT] blueleaf 攻击 翠竹蛇 | 命中率:80% 暴击率:10% | HP:18/190 ATK:2 DEF:5 LVL:1
[2m2026-03-14T14:27:00.927822Z[0m [32m INFO[0m [2mserver::combat[0m[2m:[0m [COMBAT] 伤害计算: base_damage=45, crit_damage=45, defense=5, final_damage=43, is_crit=false, will_kill=true
[2m2026-03-14T14:27:00.927870Z[0m [32m INFO[0m [2mserver::combat[0m[2m:[0m [COMBAT] 翠竹蛇 攻击 blueleaf | 命中率:90% 暴击率:10% | HP:20/300 ATK:12 DEF:5 LVL:2
[2m2026-03-14T14:27:00.927930Z[0m [32m INFO[0m [2mserver::combat[0m[2m:[0m [COMBAT] 伤害计算: base_damage=45, crit_damage=67, defense=5, final_damage=65, is_crit=true, will_kill=true
[2m2026-03-14T14:27:01.928492Z[0m [32m INFO[0m [2mserver::combat[0m[2m:[0m [COMBAT] blueleaf 攻击 翠竹蛇 | 命中率:80% 暴击率:10% | HP:18/190 ATK:2 DEF:5 LVL:1
[2m2026-03-14T14:27:01.928581Z[0m [32m INFO[0m [2mserver::combat[0m[2m:[0m [COMBAT] 伤害计算: base_damage=45, crit_damage=45, defense=5, final_damage=43, is_crit=false, will_kill=true
[2m2026-03-14T14:27:01.928646Z[0m [32m INFO[0m [2mserver::combat[0m[2m:[0m [COMBAT] 翠竹蛇 攻击 blueleaf | 命中率:90% 暴击率:10% | HP:20/300 ATK:12 DEF:5 LVL:2
[2m2026-03-14T14:27:01.928667Z[0m [32m INFO[0m [2mserver::combat[0m[2m:[0m [COMBAT] 伤害计算: base_damage=45, crit_damage=45, defense=5, final_damage=43, is_crit=false, will_kill=true
[2m2026-03-14T14:27:02.930266Z[0m [32m INFO[0m [2mserver::combat[0m[2m:[0m [COMBAT] blueleaf 攻击 翠竹蛇 | 命中率:80% 暴击率:10% | HP:18/190 ATK:2 DEF:5 LVL:1
[2m2026-03-14T14:27:02.930325Z[0m [32m INFO[0m [2mserver::combat[0m[2m:[0m [COMBAT] 伤害计算: base_damage=45, crit_damage=45, defense=5, final_damage=43, is_crit=false, will_kill=true
[2m2026-03-14T14:27:02.930373Z[0m [32m INFO[0m [2mserver::combat[0m[2m:[0m [COMBAT] 翠竹蛇 攻击 blueleaf | 命中率:90% 暴击率:10% | HP:20/300 ATK:12 DEF:5 LVL:2
[2m2026-03-14T14:27:02.930388Z[0m [32m INFO[0m [2mserver::combat[0m[2m:[0m [COMBAT] 伤害计算: base_damage=45, crit_damage=45, defense=5, final_damage=43, is_crit=false, will_kill=true
[2m2026-03-14T14:27:03.931865Z[0m [32m INFO[0m [2mserver::combat[0m[2m:[0m [COMBAT] blueleaf 攻击 翠竹蛇 | 命中率:80% 暴击率:10% | HP:18/190 ATK:2 DEF:5 LVL:1
[2m2026-03-14T14:27:03.931960Z[0m [32m INFO[0m [2mserver::combat[0m[2m:[0m [COMBAT] 伤害计算: base_damage=45, crit_damage=45, defense=5, final_damage=43, is_crit=false, will_kill=true
[2m2026-03-14T14:27:03.932008Z[0m [32m INFO[0m [2mserver::combat[0m[2m:[0m [COMBAT] 翠竹蛇 攻击 blueleaf | 命中率:90% 暴击率:10% | HP:20/300 ATK:12 DEF:5 LVL:2
[2m2026-03-14T14:27:03.932024Z[0m [32m INFO[0m [2mserver::combat[0m[2m:[0m [COMBAT] 伤害计算: base_damage=45, crit_damage=45, defense=5, final_damage=43, is_crit=false, will_kill=true
[2m2026-03-14T14:27:04.933426Z[0m [32m INFO[0m [2mserver::combat[0m[2m:[0m [COMBAT] blueleaf 攻击 翠竹蛇 | 命中率:80% 暴击率:10% | HP:18/190 ATK:2 DEF:5 LVL:1
[2m2026-03-14T14:27:04.933518Z[0m [32m INFO[0m [2mserver::combat[0m[2m:[0m [COMBAT] 伤害计算: base_damage=45, crit_damage=45, defense=5, final_damage=43, is_crit=false, will_kill=true
[2m2026-03-14T14:27:04.933576Z[0m [32m INFO[0m [2mserver::combat[0m[2m:[0m [COMBAT] 翠竹蛇 攻击 blueleaf | 命中率:90% 暴击率:10% | HP:20/300 ATK:12 DEF:5 LVL:2
[2m2026-03-14T14:27:04.933592Z[0m [32m INFO[0m [2mserver::combat[0m[2m:[0m [COMBAT] 伤害计算: base_damage=45, crit_damage=45, defense=5, final_damage=43, is_crit=false, will_kill=true
[2m2026-03-14T14:27:05.935090Z[0m [32m INFO[0m [2mserver::combat[0m[2m:[0m [COMBAT] blueleaf 攻击 翠竹蛇 | 命中率:80% 暴击率:10% | HP:18/190 ATK:2 DEF:5 LVL:1
[2m2026-03-14T14:27:05.935151Z[0m [32m INFO[0m [2mserver::combat[0m[2m:[0m [COMBAT] 伤害计算: base_damage=45, crit_damage=67, defense=5, final_damage=65, is_crit=true, will_kill=true
[2m2026-03-14T14:27:05.935202Z[0m [32m INFO[0m [2mserver::combat[0m[2m:[0m [COMBAT] 翠竹蛇 攻击 blueleaf | 命中率:90% 暴击率:10% | HP:20/300 ATK:12 DEF:5 LVL:2
[2m2026-03-14T14:27:05.935252Z[0m [32m INFO[0m [2mserver::combat[0m[2m:[0m [COMBAT] 伤害计算: base_damage=45, crit_damage=45, defense=5, final_damage=43, is_crit=false, will_kill=true
[2m2026-03-14T14:27:06.936710Z[0m [32m INFO[0m [2mserver::combat[0m[2m:[0m [COMBAT] blueleaf 攻击 翠竹蛇 | 命中率:80% 暴击率:10% | HP:18/190 ATK:2 DEF:5 LVL:1
[2m2026-03-14T14:27:06.936798Z[0m [32m INFO[0m [2mserver::combat[0m[2m:[0m [COMBAT] 伤害计算: base_damage=45, crit_damage=45, defense=5, final_damage=43, is_crit=false, will_kill=true
[2m2026-03-14T14:27:06.936860Z[0m [32m INFO[0m [2mserver::combat[0m[2m:[0m [COMBAT] 翠竹蛇 攻击 blueleaf | 命中率:90% 暴击率:10% | HP:20/300 ATK:12 DEF:5 LVL:2
[2m2026-03-14T14:27:06.936881Z[0m [32m INFO[0m [2mserver::combat[0m[2m:[0m [COMBAT] 伤害计算: base_damage=45, crit_damage=45, defense=5, final_damage=43, is_crit=false, will_kill=true
[2m2026-03-14T14:27:07.937337Z[0m [32m INFO[0m [2mserver::combat[0m[2m:[0m [COMBAT] blueleaf 攻击 翠竹蛇 | 命中率:80% 暴击率:10% | HP:18/190 ATK:2 DEF:5 LVL:1
[2m2026-03-14T14:27:07.937400Z[0m [32m INFO[0m [2mserver::combat[0m[2m:[0m [COMBAT] 伤害计算: base_damage=45, crit_damage=45, defense=5, final_damage=43, is_crit=false, will_kill=true
[2m2026-03-14T14:27:07.937440Z[0m [32m INFO[0m [2mserver::combat[0m[2m:[0m [COMBAT] 翠竹蛇 攻击 blueleaf | 命中率:90% 暴击率:10% | HP:20/300 ATK:12 DEF:5 LVL:2
[2m2026-03-14T14:27:08.939258Z[0m [32m INFO[0m [2mserver::combat[0m[2m:[0m [COMBAT] blueleaf 攻击 翠竹蛇 | 命中率:80% 暴击率:10% | HP:18/190 ATK:2 DEF:5 LVL:1
[2m2026-03-14T14:27:08.939339Z[0m [32m INFO[0m [2mserver::combat[0m[2m:[0m [COMBAT] 翠竹蛇 攻击 blueleaf | 命中率:90% 暴击率:10% | HP:20/300 ATK:12 DEF:5 LVL:2
[2m2026-03-14T14:27:08.939354Z[0m [32m INFO[0m [2mserver::combat[0m[2m:[0m [COMBAT] 伤害计算: base_damage=45, crit_damage=45, defense=5, final_damage=43, is_crit=false, will_kill=true
[2m2026-03-14T14:27:09.940877Z[0m [32m INFO[0m [2mserver::combat[0m[2m:[0m [COMBAT] blueleaf 攻击 翠竹蛇 | 命中率:80% 暴击率:10% | HP:18/190 ATK:2 DEF:5 LVL:1
[2m2026-03-14T14:27:09.940943Z[0m [32m INFO[0m [2mserver::combat[0m[2m:[0m [COMBAT] 伤害计算: base_damage=45, crit_damage=45, defense=5, final_damage=43, is_crit=false, will_kill=true
[2m2026-03-14T14:27:09.940976Z[0m [32m INFO[0m [2mserver::combat[0m[2m:[0m [COMBAT] 翠竹蛇 攻击 blueleaf | 命中率:90% 暴击率:10% | HP:20/300 ATK:12 DEF:5 LVL:2
[2m2026-03-14T14:27:09.940984Z[0m [32m INFO[0m [2mserver::combat[0m[2m:[0m [COMBAT] 伤害计算: base_damage=45, crit_damage=45, defense=5, final_damage=43, is_crit=false, will_kill=true
[2m2026-03-14T14:27:10.941444Z[0m [32m INFO[0m [2mserver::combat[0m[2m:[0m [COMBAT] blueleaf 攻击 翠竹蛇 | 命中率:80% 暴击率:10% | HP:18/190 ATK:2 DEF:5 LVL:1
[2m2026-03-14T14:27:10.941511Z[0m [32m INFO[0m [2mserver::combat[0m[2m:[0m [COMBAT] 伤害计算: base_damage=45, crit_damage=45, defense=5, final_damage=43, is_crit=false, will_kill=true
[2m2026-03-14T14:27:10.941558Z[0m [32m INFO[0m [2mserver::combat[0m[2m:[0m [COMBAT] 翠竹蛇 攻击 blueleaf | 命中率:90% 暴击率:10% | HP:20/300 ATK:12 DEF:5 LVL:2
[2m2026-03-14T14:27:11.942318Z[0m [32m INFO[0m [2mserver::combat[0m[2m:[0m [COMBAT] blueleaf 攻击 翠竹蛇 | 命中率:80% 暴击率:10% | HP:18/190 ATK:2 DEF:5 LVL:1
[2m2026-03-14T14:27:11.942384Z[0m [32m INFO[0m [2mserver::combat[0m[2m:[0m [COMBAT] 翠竹蛇 攻击 blueleaf | 命中率:90% 暴击率:10% | HP:20/300 ATK:12 DEF:5 LVL:2
[2m2026-03-14T14:27:11.942394Z[0m [32m INFO[0m [2mserver::combat[0m[2m:[0m [COMBAT] 伤害计算: base_damage=45, crit_damage=45, defense=5, final_damage=43, is_crit=false, will_kill=true
[2m2026-03-14T14:27:12.943965Z[0m [32m INFO[0m [2mserver::combat[0m[2m:[0m [COMBAT] blueleaf 攻击 翠竹蛇 | 命中率:80% 暴击率:10% | HP:18/190 ATK:2 DEF:5 LVL:1
[2m2026-03-14T14:27:12.944040Z[0m [32m INFO[0m [2mserver::combat[0m[2m:[0m [COMBAT] 伤害计算: base_damage=45, crit_damage=45, defense=5, final_damage=43, is_crit=false, will_kill=true
[2m2026-03-14T14:27:12.944087Z[0m [32m INFO[0m [2mserver::combat[0m[2m:[0m [COMBAT] 翠竹蛇 攻击 blueleaf | 命中率:90% 暴击率:10% | HP:20/300 ATK:12 DEF:5 LVL:2
[2m2026-03-14T14:27:12.944102Z[0m [32m INFO[0m [2mserver::combat[0m[2m:[0m [COMBAT] 伤害计算: base_damage=45, crit_damage=67, defense=5, final_damage=65, is_crit=true, will_kill=true
[2m2026-03-14T14:27:13.945516Z[0m [32m INFO[0m [2mserver::combat[0m[2m:[0m [COMBAT] blueleaf 攻击 翠竹蛇 | 命中率:80% 暴击率:10% | HP:18/190 ATK:2 DEF:5 LVL:1
[2m2026-03-14T14:27:13.945584Z[0m [32m INFO[0m [2mserver::combat[0m[2m:[0m [COMBAT] 伤害计算: base_damage=45, crit_damage=45, defense=5, final_damage=43, is_crit=false, will_kill=true
[2m2026-03-14T14:27:13.945631Z[0m [32m INFO[0m [2mserver::combat[0m[2m:[0m [COMBAT] 翠竹蛇 攻击 blueleaf | 命中率:90% 暴击率:10% | HP:20/300 ATK:12 DEF:5 LVL:2
[2m2026-03-14T14:27:13.945646Z[0m [32m INFO[0m [2mserver::combat[0m[2m:[0m [COMBAT] 伤害计算: base_damage=45, crit_damage=45, defense=5, final_damage=43, is_crit=false, will_kill=true
[2m2026-03-14T14:27:14.947230Z[0m [32m INFO[0m [2mserver::combat[0m[2m:[0m [COMBAT] blueleaf 攻击 翠竹蛇 | 命中率:80% 暴击率:10% | HP:18/190 ATK:2 DEF:5 LVL:1
[2m2026-03-14T14:27:14.947316Z[0m [32m INFO[0m [2mserver::combat[0m[2m:[0m [COMBAT] 伤害计算: base_damage=45, crit_damage=45, defense=5, final_damage=43, is_crit=false, will_kill=true
[2m2026-03-14T14:27:14.947387Z[0m [32m INFO[0m [2mserver::combat[0m[2m:[0m [COMBAT] 翠竹蛇 攻击 blueleaf | 命中率:90% 暴击率:10% | HP:20/300 ATK:12 DEF:5 LVL:2
[2m2026-03-14T14:27:14.947403Z[0m [32m INFO[0m [2mserver::combat[0m[2m:[0m [COMBAT] 伤害计算: base_damage=45, crit_damage=45, defense=5, final_damage=43, is_crit=false, will_kill=true
[2m2026-03-14T14:27:15.949079Z[0m [32m INFO[0m [2mserver::combat[0m[2m:[0m [COMBAT] blueleaf 攻击 翠竹蛇 | 命中率:80% 暴击率:10% | HP:18/190 ATK:2 DEF:5 LVL:1
[2m2026-03-14T14:27:15.949172Z[0m [32m INFO[0m [2mserver::combat[0m[2m:[0m [COMBAT] 翠竹蛇 攻击 blueleaf | 命中率:90% 暴击率:10% | HP:20/300 ATK:12 DEF:5 LVL:2
[2m2026-03-14T14:27:15.949190Z[0m [32m INFO[0m [2mserver::combat[0m[2m:[0m [COMBAT] 伤害计算: base_damage=45, crit_damage=45, defense=5, final_damage=43, is_crit=false, will_kill=true
[2m2026-03-14T14:27:16.950769Z[0m [32m INFO[0m [2mserver::combat[0m[2m:[0m [COMBAT] blueleaf 攻击 翠竹蛇 | 命中率:80% 暴击率:10% | HP:18/190 ATK:2 DEF:5 LVL:1
[2m2026-03-14T14:27:16.950830Z[0m [32m INFO[0m [2mserver::combat[0m[2m:[0m [COMBAT] 翠竹蛇 攻击 blueleaf | 命中率:90% 暴击率:10% | HP:20/300 ATK:12 DEF:5 LVL:2
[2m2026-03-14T14:27:16.950838Z[0m [32m INFO[0m [2mserver::combat[0m[2m:[0m [COMBAT] 伤害计算: base_damage=45, crit_damage=45, defense=5, final_damage=43, is_crit=false, will_kill=true
[2m2026-03-14T14:27:17.951348Z[0m [32m INFO[0m [2mserver::combat[0m[2m:[0m [COMBAT] blueleaf 攻击 翠竹蛇 | 命中率:80% 暴击率:10% | HP:18/190 ATK:2 DEF:5 LVL:1
[2m2026-03-14T14:27:17.951410Z[0m [32m INFO[0m [2mserver::combat[0m[2m:[0m [COMBAT] 翠竹蛇 攻击 blueleaf | 命中率:90% 暴击率:10% | HP:20/300 ATK:12 DEF:5 LVL:2
[2m2026-03-14T14:27:17.951418Z[0m [32m INFO[0m [2mserver::combat[0m[2m:[0m [COMBAT] 伤害计算: base_damage=45, crit_damage=45, defense=5, final_damage=43, is_crit=false, will_kill=true
[2m2026-03-14T14:27:18.953256Z[0m [32m INFO[0m [2mserver::combat[0m[2m:[0m [COMBAT] blueleaf 攻击 翠竹蛇 | 命中率:80% 暴击率:10% | HP:18/190 ATK:2 DEF:5 LVL:1
[2m2026-03-14T14:27:18.953373Z[0m [32m INFO[0m [2mserver::combat[0m[2m:[0m [COMBAT] 翠竹蛇 攻击 blueleaf | 命中率:90% 暴击率:10% | HP:20/300 ATK:12 DEF:5 LVL:2
[2m2026-03-14T14:27:19.954625Z[0m [32m INFO[0m [2mserver::combat[0m[2m:[0m [COMBAT] blueleaf 攻击 翠竹蛇 | 命中率:80% 暴击率:10% | HP:18/190 ATK:2 DEF:5 LVL:1
[2m2026-03-14T14:27:19.954685Z[0m [32m INFO[0m [2mserver::combat[0m[2m:[0m [COMBAT] 伤害计算: base_damage=45, crit_damage=45, defense=5, final_damage=43, is_crit=false, will_kill=true
[2m2026-03-14T14:27:19.954725Z[0m [32m INFO[0m [2mserver::combat[0m[2m:[0m [COMBAT] 翠竹蛇 攻击 blueleaf | 命中率:90% 暴击率:10% | HP:20/300 ATK:12 DEF:5 LVL:2
[2m2026-03-14T14:27:19.954738Z[0m [32m INFO[0m [2mserver::combat[0m[2m:[0m [COMBAT] 伤害计算: base_damage=45, crit_damage=67, defense=5, final_damage=65, is_crit=true, will_kill=true
[2m2026-03-14T14:27:20.956074Z[0m [32m INFO[0m [2mserver::combat[0m[2m:[0m [COMBAT] blueleaf 攻击 翠竹蛇 | 命中率:80% 暴击率:10% | HP:18/190 ATK:2 DEF:5 LVL:1
[2m2026-03-14T14:27:20.956162Z[0m [32m INFO[0m [2mserver::combat[0m[2m:[0m [COMBAT] 翠竹蛇 攻击 blueleaf | 命中率:90% 暴击率:10% | HP:20/300 ATK:12 DEF:5 LVL:2
[2m2026-03-14T14:27:20.956205Z[0m [32m INFO[0m [2mserver::combat[0m[2m:[0m [COMBAT] 伤害计算: base_damage=45, crit_damage=45, defense=5, final_damage=43, is_crit=false, will_kill=true
[2m2026-03-14T14:27:21.958050Z[0m [32m INFO[0m [2mserver::combat[0m[2m:[0m [COMBAT] blueleaf 攻击 翠竹蛇 | 命中率:80% 暴击率:10% | HP:18/190 ATK:2 DEF:5 LVL:1
[2m2026-03-14T14:27:21.958095Z[0m [32m INFO[0m [2mserver::combat[0m[2m:[0m [COMBAT] 伤害计算: base_damage=45, crit_damage=67, defense=5, final_damage=65, is_crit=true, will_kill=true
[2m2026-03-14T14:27:21.958130Z[0m [32m INFO[0m [2mserver::combat[0m[2m:[0m [COMBAT] 翠竹蛇 攻击 blueleaf | 命中率:90% 暴击率:10% | HP:20/300 ATK:12 DEF:5 LVL:2
[2m2026-03-14T14:27:21.958137Z[0m [32m INFO[0m [2mserver::combat[0m[2m:[0m [COMBAT] 伤害计算: base_damage=45, crit_damage=45, defense=5, final_damage=43, is_crit=false, will_kill=true
[2m2026-03-14T14:27:22.959503Z[0m [32m INFO[0m [2mserver::combat[0m[2m:[0m [COMBAT] blueleaf 攻击 翠竹蛇 | 命中率:80% 暴击率:10% | HP:18/190 ATK:2 DEF:5 LVL:1
[2m2026-03-14T14:27:22.959616Z[0m [32m INFO[0m [2mserver::combat[0m[2m:[0m [COMBAT] 伤害计算: base_damage=45, crit_damage=45, defense=5, final_damage=43, is_crit=false, will_kill=true
[2m2026-03-14T14:27:22.959667Z[0m [32m INFO[0m [2mserver::combat[0m[2m:[0m [COMBAT] 翠竹蛇 攻击 blueleaf | 命中率:90% 暴击率:10% | HP:20/300 ATK:12 DEF:5 LVL:2
[2m2026-03-14T14:27:22.959692Z[0m [32m INFO[0m [2mserver::combat[0m[2m:[0m [COMBAT] 伤害计算: base_damage=45, crit_damage=45, defense=5, final_damage=43, is_crit=false, will_kill=true
[2m2026-03-14T14:27:23.961236Z[0m [32m INFO[0m [2mserver::combat[0m[2m:[0m [COMBAT] blueleaf 攻击 翠竹蛇 | 命中率:80% 暴击率:10% | HP:18/190 ATK:2 DEF:5 LVL:1
[2m2026-03-14T14:27:23.961370Z[0m [32m INFO[0m [2mserver::combat[0m[2m:[0m [COMBAT] 翠竹蛇 攻击 blueleaf | 命中率:90% 暴击率:10% | HP:20/300 ATK:12 DEF:5 LVL:2
[2m2026-03-14T14:27:23.961399Z[0m [32m INFO[0m [2mserver::combat[0m[2m:[0m [COMBAT] 伤害计算: base_damage=45, crit_damage=67, defense=5, final_damage=65, is_crit=true, will_kill=true
[2m2026-03-14T14:27:24.962902Z[0m [32m INFO[0m [2mserver::combat[0m[2m:[0m [COMBAT] blueleaf 攻击 翠竹蛇 | 命中率:80% 暴击率:10% | HP:18/190 ATK:2 DEF:5 LVL:1
[2m2026-03-14T14:27:24.962996Z[0m [32m INFO[0m [2mserver::combat[0m[2m:[0m [COMBAT] 伤害计算: base_damage=45, crit_damage=45, defense=5, final_damage=43, is_crit=false, will_kill=true
[2m2026-03-14T14:27:24.963046Z[0m [32m INFO[0m [2mserver::combat[0m[2m:[0m [COMBAT] 翠竹蛇 攻击 blueleaf | 命中率:90% 暴击率:10% | HP:20/300 ATK:12 DEF:5 LVL:2
[2m2026-03-14T14:27:24.963070Z[0m [32m INFO[0m [2mserver::combat[0m[2m:[0m [COMBAT] 伤害计算: base_damage=45, crit_damage=45, defense=5, final_damage=43, is_crit=false, will_kill=true
[2m2026-03-14T14:27:25.965145Z[0m [32m INFO[0m [2mserver::combat[0m[2m:[0m [COMBAT] blueleaf 攻击 翠竹蛇 | 命中率:80% 暴击率:10% | HP:18/190 ATK:2 DEF:5 LVL:1
[2m2026-03-14T14:27:25.965234Z[0m [32m INFO[0m [2mserver::combat[0m[2m:[0m [COMBAT] 伤害计算: base_damage=45, crit_damage=45, defense=5, final_damage=43, is_crit=false, will_kill=true
[2m2026-03-14T14:27:25.965376Z[0m [32m INFO[0m [2mserver::combat[0m[2m:[0m [COMBAT] 翠竹蛇 攻击 blueleaf | 命中率:90% 暴击率:10% | HP:20/300 ATK:12 DEF:5 LVL:2
[2m2026-03-14T14:27:25.965386Z[0m [32m INFO[0m [2mserver::combat[0m[2m:[0m [COMBAT] 伤害计算: base_damage=45, crit_damage=45, defense=5, final_damage=43, is_crit=false, will_kill=true
[2m2026-03-14T14:27:26.966972Z[0m [32m INFO[0m [2mserver::combat[0m[2m:[0m [COMBAT] blueleaf 攻击 翠竹蛇 | 命中率:80% 暴击率:10% | HP:18/190 ATK:2 DEF:5 LVL:1
[2m2026-03-14T14:27:26.967231Z[0m [32m INFO[0m [2mserver::combat[0m[2m:[0m [COMBAT] 翠竹蛇 攻击 blueleaf | 命中率:90% 暴击率:10% | HP:20/300 ATK:12 DEF:5 LVL:2
[2m2026-03-14T14:27:27.969373Z[0m [32m INFO[0m [2mserver::combat[0m[2m:[0m [COMBAT] blueleaf 攻击 翠竹蛇 | 命中率:80% 暴击率:10% | HP:18/190 ATK:2 DEF:5 LVL:1
[2m2026-03-14T14:27:27.969461Z[0m [32m INFO[0m [2mserver::combat[0m[2m:[0m [COMBAT] 伤害计算: base_damage=45, crit_damage=45, defense=5, final_damage=43, is_crit=false, will_kill=true
[2m2026-03-14T14:27:27.969523Z[0m [32m INFO[0m [2mserver::combat[0m[2m:[0m [COMBAT] 翠竹蛇 攻击 blueleaf | 命中率:90% 暴击率:10% | HP:20/300 ATK:12 DEF:5 LVL:2
[2m2026-03-14T14:27:27.969544Z[0m [32m INFO[0m [2mserver::combat[0m[2m:[0m [COMBAT] 伤害计算: base_damage=45, crit_damage=45, defense=5, final_damage=43, is_crit=false, will_kill=true
[2m2026-03-14T14:27:28.971077Z[0m [32m INFO[0m [2mserver::combat[0m[2m:[0m [COMBAT] blueleaf 攻击 翠竹蛇 | 命中率:80% 暴击率:10% | HP:18/190 ATK:2 DEF:5 LVL:1
[2m2026-03-14T14:27:28.971155Z[0m [32m INFO[0m [2mserver::combat[0m[2m:[0m [COMBAT] 翠竹蛇 攻击 blueleaf | 命中率:90% 暴击率:10% | HP:20/300 ATK:12 DEF:5 LVL:2
[2m2026-03-14T14:27:28.971165Z[0m [32m INFO[0m [2mserver::combat[0m[2m:[0m [COMBAT] 伤害计算: base_damage=45, crit_damage=45, defense=5, final_damage=43, is_crit=false, will_kill=true
[2m2026-03-14T14:27:29.973249Z[0m [32m INFO[0m [2mserver::combat[0m[2m:[0m [COMBAT] blueleaf 攻击 翠竹蛇 | 命中率:80% 暴击率:10% | HP:18/190 ATK:2 DEF:5 LVL:1
[2m2026-03-14T14:27:29.973318Z[0m [32m INFO[0m [2mserver::combat[0m[2m:[0m [COMBAT] 翠竹蛇 攻击 blueleaf | 命中率:90% 暴击率:10% | HP:20/300 ATK:12 DEF:5 LVL:2
[2m2026-03-14T14:27:29.973329Z[0m [32m INFO[0m [2mserver::combat[0m[2m:[0m [COMBAT] 伤害计算: base_damage=45, crit_damage=45, defense=5, final_damage=43, is_crit=false, will_kill=true
[2m2026-03-14T14:27:30.975022Z[0m [32m INFO[0m [2mserver::combat[0m[2m:[0m [COMBAT] blueleaf 攻击 翠竹蛇 | 命中率:80% 暴击率:10% | HP:18/190 ATK:2 DEF:5 LVL:1
[2m2026-03-14T14:27:30.975091Z[0m [32m INFO[0m [2mserver::combat[0m[2m:[0m [COMBAT] 伤害计算: base_damage=45, crit_damage=45, defense=5, final_damage=43, is_crit=false, will_kill=true
[2m2026-03-14T14:27:30.975138Z[0m [32m INFO[0m [2mserver::combat[0m[2m:[0m [COMBAT] 翠竹蛇 攻击 blueleaf | 命中率:90% 暴击率:10% | HP:20/300 ATK:12 DEF:5 LVL:2
[2m2026-03-14T14:27:31.976797Z[0m [32m INFO[0m [2mserver::combat[0m[2m:[0m [COMBAT] blueleaf 攻击 翠竹蛇 | 命中率:80% 暴击率:10% | HP:18/190 ATK:2 DEF:5 LVL:1
[2m2026-03-14T14:27:31.976858Z[0m [32m INFO[0m [2mserver::combat[0m[2m:[0m [COMBAT] 伤害计算: base_damage=45, crit_damage=45, defense=5, final_damage=43, is_crit=false, will_kill=true
[2m2026-03-14T14:27:31.976918Z[0m [32m INFO[0m [2mserver::combat[0m[2m:[0m [COMBAT] 翠竹蛇 攻击 blueleaf | 命中率:90% 暴击率:10% | HP:20/300 ATK:12 DEF:5 LVL:2
[2m2026-03-14T14:27:31.976932Z[0m [32m INFO[0m [2mserver::combat[0m[2m:[0m [COMBAT] 伤害计算: base_damage=45, crit_damage=45, defense=5, final_damage=43, is_crit=false, will_kill=true
[2m2026-03-14T14:27:32.977361Z[0m [32m INFO[0m [2mserver::combat[0m[2m:[0m [COMBAT] blueleaf 攻击 翠竹蛇 | 命中率:80% 暴击率:10% | HP:18/190 ATK:2 DEF:5 LVL:1
[2m2026-03-14T14:27:32.977425Z[0m [32m INFO[0m [2mserver::combat[0m[2m:[0m [COMBAT] 伤害计算: base_damage=45, crit_damage=45, defense=5, final_damage=43, is_crit=false, will_kill=true
[2m2026-03-14T14:27:32.977465Z[0m [32m INFO[0m [2mserver::combat[0m[2m:[0m [COMBAT] 翠竹蛇 攻击 blueleaf | 命中率:90% 暴击率:10% | HP:20/300 ATK:12 DEF:5 LVL:2
[2m2026-03-14T14:27:32.977478Z[0m [32m INFO[0m [2mserver::combat[0m[2m:[0m [COMBAT] 伤害计算: base_damage=45, crit_damage=45, defense=5, final_damage=43, is_crit=false, will_kill=true
[2m2026-03-14T14:27:33.979019Z[0m [32m INFO[0m [2mserver::combat[0m[2m:[0m [COMBAT] blueleaf 攻击 翠竹蛇 | 命中率:80% 暴击率:10% | HP:18/190 ATK:2 DEF:5 LVL:1
[2m2026-03-14T14:27:33.979072Z[0m [32m INFO[0m [2mserver::combat[0m[2m:[0m [COMBAT] 伤害计算: base_damage=45, crit_damage=45, defense=5, final_damage=43, is_crit=false, will_kill=true
[2m2026-03-14T14:27:33.979103Z[0m [32m INFO[0m [2mserver::combat[0m[2m:[0m [COMBAT] 翠竹蛇 攻击 blueleaf | 命中率:90% 暴击率:10% | HP:20/300 ATK:12 DEF:5 LVL:2
[2m2026-03-14T14:27:33.979112Z[0m [32m INFO[0m [2mserver::combat[0m[2m:[0m [COMBAT] 伤害计算: base_damage=45, crit_damage=45, defense=5, final_damage=43, is_crit=false, will_kill=true
[2m2026-03-14T14:27:34.981176Z[0m [32m INFO[0m [2mserver::combat[0m[2m:[0m [COMBAT] blueleaf 攻击 翠竹蛇 | 命中率:80% 暴击率:10% | HP:18/190 ATK:2 DEF:5 LVL:1
[2m2026-03-14T14:27:34.981234Z[0m [32m INFO[0m [2mserver::combat[0m[2m:[0m [COMBAT] 伤害计算: base_damage=45, crit_damage=45, defense=5, final_damage=43, is_crit=false, will_kill=true
[2m2026-03-14T14:27:34.981274Z[0m [32m INFO[0m [2mserver::combat[0m[2m:[0m [COMBAT] 翠竹蛇 攻击 blueleaf | 命中率:90% 暴击率:10% | HP:20/300 ATK:12 DEF:5 LVL:2
[2m2026-03-14T14:27:35.983212Z[0m [32m INFO[0m [2mserver::combat[0m[2m:[0m [COMBAT] blueleaf 攻击 翠竹蛇 | 命中率:80% 暴击率:10% | HP:18/190 ATK:2 DEF:5 LVL:1
[2m2026-03-14T14:27:35.983265Z[0m [32m INFO[0m [2mserver::combat[0m[2m:[0m [COMBAT] 伤害计算: base_damage=45, crit_damage=45, defense=5, final_damage=43, is_crit=false, will_kill=true
[2m2026-03-14T14:27:35.983297Z[0m [32m INFO[0m [2mserver::combat[0m[2m:[0m [COMBAT] 翠竹蛇 攻击 blueleaf | 命中率:90% 暴击率:10% | HP:20/300 ATK:12 DEF:5 LVL:2
[2m2026-03-14T14:27:35.983306Z[0m [32m INFO[0m [2mserver::combat[0m[2m:[0m [COMBAT] 伤害计算: base_damage=45, crit_damage=45, defense=5, final_damage=43, is_crit=false, will_kill=true
[2m2026-03-14T14:27:36.984705Z[0m [32m INFO[0m [2mserver::combat[0m[2m:[0m [COMBAT] blueleaf 攻击 翠竹蛇 | 命中率:80% 暴击率:10% | HP:18/190 ATK:2 DEF:5 LVL:1
[2m2026-03-14T14:27:36.984775Z[0m [32m INFO[0m [2mserver::combat[0m[2m:[0m [COMBAT] 伤害计算: base_damage=45, crit_damage=45, defense=5, final_damage=43, is_crit=false, will_kill=true
[2m2026-03-14T14:27:36.984823Z[0m [32m INFO[0m [2mserver::combat[0m[2m:[0m [COMBAT] 翠竹蛇 攻击 blueleaf | 命中率:90% 暴击率:10% | HP:20/300 ATK:12 DEF:5 LVL:2
[2m2026-03-14T14:27:36.984839Z[0m [32m INFO[0m [2mserver::combat[0m[2m:[0m [COMBAT] 伤害计算: base_damage=45, crit_damage=45, defense=5, final_damage=43, is_crit=false, will_kill=true
[2m2026-03-14T14:27:37.986244Z[0m [32m INFO[0m [2mserver::combat[0m[2m:[0m [COMBAT] blueleaf 攻击 翠竹蛇 | 命中率:80% 暴击率:10% | HP:18/190 ATK:2 DEF:5 LVL:1
[2m2026-03-14T14:27:37.986293Z[0m [32m INFO[0m [2mserver::combat[0m[2m:[0m [COMBAT] 伤害计算: base_damage=45, crit_damage=45, defense=5, final_damage=43, is_crit=false, will_kill=true
[2m2026-03-14T14:27:37.986333Z[0m [32m INFO[0m [2mserver::combat[0m[2m:[0m [COMBAT] 翠竹蛇 攻击 blueleaf | 命中率:90% 暴击率:10% | HP:20/300 ATK:12 DEF:5 LVL:2
[2m2026-03-14T14:27:37.986342Z[0m [32m INFO[0m [2mserver::combat[0m[2m:[0m [COMBAT] 伤害计算: base_damage=45, crit_damage=45, defense=5, final_damage=43, is_crit=false, will_kill=true
[2m2026-03-14T14:27:38.987729Z[0m [32m INFO[0m [2mserver::combat[0m[2m:[0m [COMBAT] blueleaf 攻击 翠竹蛇 | 命中率:80% 暴击率:10% | HP:18/190 ATK:2 DEF:5 LVL:1
[2m2026-03-14T14:27:38.987823Z[0m [32m INFO[0m [2mserver::combat[0m[2m:[0m [COMBAT] 伤害计算: base_damage=45, crit_damage=45, defense=5, final_damage=43, is_crit=false, will_kill=true
[2m2026-03-14T14:27:38.987871Z[0m [32m INFO[0m [2mserver::combat[0m[2m:[0m [COMBAT] 翠竹蛇 攻击 blueleaf | 命中率:90% 暴击率:10% | HP:20/300 ATK:12 DEF:5 LVL:2
[2m2026-03-14T14:27:39.988612Z[0m [32m INFO[0m [2mserver::combat[0m[2m:[0m [COMBAT] blueleaf 攻击 翠竹蛇 | 命中率:80% 暴击率:10% | HP:18/190 ATK:2 DEF:5 LVL:1
[2m2026-03-14T14:27:39.988672Z[0m [32m INFO[0m [2mserver::combat[0m[2m:[0m [COMBAT] 伤害计算: base_damage=45, crit_damage=45, defense=5, final_damage=43, is_crit=false, will_kill=true
[2m2026-03-14T14:27:39.988711Z[0m [32m INFO[0m [2mserver::combat[0m[2m:[0m [COMBAT] 翠竹蛇 攻击 blueleaf | 命中率:90% 暴击率:10% | HP:20/300 ATK:12 DEF:5 LVL:2
[2m2026-03-14T14:27:39.988724Z[0m [32m INFO[0m [2mserver::combat[0m[2m:[0m [COMBAT] 伤害计算: base_damage=45, crit_damage=45, defense=5, final_damage=43, is_crit=false, will_kill=true
[2m2026-03-14T14:27:40.991095Z[0m [32m INFO[0m [2mserver::combat[0m[2m:[0m [COMBAT] blueleaf 攻击 翠竹蛇 | 命中率:80% 暴击率:10% | HP:18/190 ATK:2 DEF:5 LVL:1
[2m2026-03-14T14:27:40.991197Z[0m [32m INFO[0m [2mserver::combat[0m[2m:[0m [COMBAT] 伤害计算: base_damage=45, crit_damage=45, defense=5, final_damage=43, is_crit=false, will_kill=true
[2m2026-03-14T14:27:40.991233Z[0m [32m INFO[0m [2mserver::combat[0m[2m:[0m [COMBAT] 翠竹蛇 攻击 blueleaf | 命中率:90% 暴击率:10% | HP:20/300 ATK:12 DEF:5 LVL:2
[2m2026-03-14T14:27:40.991242Z[0m [32m INFO[0m [2mserver::combat[0m[2m:[0m [COMBAT] 伤害计算: base_damage=45, crit_damage=45, defense=5, final_damage=43, is_crit=false, will_kill=true
[2m2026-03-14T14:27:41.992716Z[0m [32m INFO[0m [2mserver::combat[0m[2m:[0m [COMBAT] blueleaf 攻击 翠竹蛇 | 命中率:80% 暴击率:10% | HP:18/190 ATK:2 DEF:5 LVL:1
[2m2026-03-14T14:27:41.992783Z[0m [32m INFO[0m [2mserver::combat[0m[2m:[0m [COMBAT] 伤害计算: base_damage=45, crit_damage=45, defense=5, final_damage=43, is_crit=false, will_kill=true
[2m2026-03-14T14:27:41.992830Z[0m [32m INFO[0m [2mserver::combat[0m[2m:[0m [COMBAT] 翠竹蛇 攻击 blueleaf | 命中率:90% 暴击率:10% | HP:20/300 ATK:12 DEF:5 LVL:2
[2m2026-03-14T14:27:41.992845Z[0m [32m INFO[0m [2mserver::combat[0m[2m:[0m [COMBAT] 伤害计算: base_damage=45, crit_damage=67, defense=5, final_damage=65, is_crit=true, will_kill=true
[2m2026-03-14T14:27:42.994246Z[0m [32m INFO[0m [2mserver::combat[0m[2m:[0m [COMBAT] blueleaf 攻击 翠竹蛇 | 命中率:80% 暴击率:10% | HP:18/190 ATK:2 DEF:5 LVL:1
[2m2026-03-14T14:27:42.994299Z[0m [32m INFO[0m [2mserver::combat[0m[2m:[0m [COMBAT] 伤害计算: base_damage=45, crit_damage=45, defense=5, final_damage=43, is_crit=false, will_kill=true
[2m2026-03-14T14:27:42.994330Z[0m [32m INFO[0m [2mserver::combat[0m[2m:[0m [COMBAT] 翠竹蛇 攻击 blueleaf | 命中率:90% 暴击率:10% | HP:20/300 ATK:12 DEF:5 LVL:2
[2m2026-03-14T14:27:42.994339Z[0m [32m INFO[0m [2mserver::combat[0m[2m:[0m [COMBAT] 伤害计算: base_damage=45, crit_damage=45, defense=5, final_damage=43, is_crit=false, will_kill=true
[2m2026-03-14T14:27:43.995808Z[0m [32m INFO[0m [2mserver::combat[0m[2m:[0m [COMBAT] blueleaf 攻击 翠竹蛇 | 命中率:80% 暴击率:10% | HP:18/190 ATK:2 DEF:5 LVL:1
[2m2026-03-14T14:27:43.995855Z[0m [32m INFO[0m [2mserver::combat[0m[2m:[0m [COMBAT] 伤害计算: base_damage=45, crit_damage=45, defense=5, final_damage=43, is_crit=false, will_kill=true
[2m2026-03-14T14:27:43.995905Z[0m [32m INFO[0m [2mserver::combat[0m[2m:[0m [COMBAT] 翠竹蛇 攻击 blueleaf | 命中率:90% 暴击率:10% | HP:20/300 ATK:12 DEF:5 LVL:2
[2m2026-03-14T14:27:43.995913Z[0m [32m INFO[0m [2mserver::combat[0m[2m:[0m [COMBAT] 伤害计算: base_damage=45, crit_damage=45, defense=5, final_damage=43, is_crit=false, will_kill=true
[2m2026-03-14T14:27:44.998030Z[0m [32m INFO[0m [2mserver::combat[0m[2m:[0m [COMBAT] blueleaf 攻击 翠竹蛇 | 命中率:80% 暴击率:10% | HP:18/190 ATK:2 DEF:5 LVL:1
[2m2026-03-14T14:27:44.998077Z[0m [32m INFO[0m [2mserver::combat[0m[2m:[0m [COMBAT] 伤害计算: base_damage=45, crit_damage=45, defense=5, final_damage=43, is_crit=false, will_kill=true
[2m2026-03-14T14:27:44.998108Z[0m [32m INFO[0m [2mserver::combat[0m[2m:[0m [COMBAT] 翠竹蛇 攻击 blueleaf | 命中率:90% 暴击率:10% | HP:20/300 ATK:12 DEF:5 LVL:2
[2m2026-03-14T14:27:44.998117Z[0m [32m INFO[0m [2mserver::combat[0m[2m:[0m [COMBAT] 伤害计算: base_damage=45, crit_damage=45, defense=5, final_damage=43, is_crit=false, will_kill=true
[2m2026-03-14T14:27:45.999544Z[0m [32m INFO[0m [2mserver::combat[0m[2m:[0m [COMBAT] blueleaf 攻击 翠竹蛇 | 命中率:80% 暴击率:10% | HP:18/190 ATK:2 DEF:5 LVL:1
[2m2026-03-14T14:27:45.999595Z[0m [32m INFO[0m [2mserver::combat[0m[2m:[0m [COMBAT] 伤害计算: base_damage=45, crit_damage=45, defense=5, final_damage=43, is_crit=false, will_kill=true
[2m2026-03-14T14:27:45.999627Z[0m [32m INFO[0m [2mserver::combat[0m[2m:[0m [COMBAT] 翠竹蛇 攻击 blueleaf | 命中率:90% 暴击率:10% | HP:20/300 ATK:12 DEF:5 LVL:2
[2m2026-03-14T14:27:45.999636Z[0m [32m INFO[0m [2mserver::combat[0m[2m:[0m [COMBAT] 伤害计算: base_damage=45, crit_damage=67, defense=5, final_damage=65, is_crit=true, will_kill=true
[2m2026-03-14T14:27:47.000390Z[0m [32m INFO[0m [2mserver::combat[0m[2m:[0m [COMBAT] blueleaf 攻击 翠竹蛇 | 命中率:80% 暴击率:10% | HP:18/190 ATK:2 DEF:5 LVL:1
[2m2026-03-14T14:27:47.000456Z[0m [32m INFO[0m [2mserver::combat[0m[2m:[0m [COMBAT] 翠竹蛇 攻击 blueleaf | 命中率:90% 暴击率:10% | HP:20/300 ATK:12 DEF:5 LVL:2
[2m2026-03-14T14:27:47.000467Z[0m [32m INFO[0m [2mserver::combat[0m[2m:[0m [COMBAT] 伤害计算: base_damage=45, crit_damage=45, defense=5, final_damage=43, is_crit=false, will_kill=true
[2m2026-03-14T14:27:48.002259Z[0m [32m INFO[0m [2mserver::combat[0m[2m:[0m [COMBAT] blueleaf 攻击 翠竹蛇 | 命中率:80% 暴击率:10% | HP:18/190 ATK:2 DEF:5 LVL:1
[2m2026-03-14T14:27:48.002346Z[0m [32m INFO[0m [2mserver::combat[0m[2m:[0m [COMBAT] 伤害计算: base_damage=45, crit_damage=45, defense=5, final_damage=43, is_crit=false, will_kill=true
[2m2026-03-14T14:27:48.002408Z[0m [32m INFO[0m [2mserver::combat[0m[2m:[0m [COMBAT] 翠竹蛇 攻击 blueleaf | 命中率:90% 暴击率:10% | HP:20/300 ATK:12 DEF:5 LVL:2
[2m2026-03-14T14:27:48.002429Z[0m [32m INFO[0m [2mserver::combat[0m[2m:[0m [COMBAT] 伤害计算: base_damage=45, crit_damage=45, defense=5, final_damage=43, is_crit=false, will_kill=true
[2m2026-03-14T14:27:49.003957Z[0m [32m INFO[0m [2mserver::combat[0m[2m:[0m [COMBAT] blueleaf 攻击 翠竹蛇 | 命中率:80% 暴击率:10% | HP:18/190 ATK:2 DEF:5 LVL:1
[2m2026-03-14T14:27:49.004003Z[0m [32m INFO[0m [2mserver::combat[0m[2m:[0m [COMBAT] 伤害计算: base_damage=45, crit_damage=45, defense=5, final_damage=43, is_crit=false, will_kill=true
[2m2026-03-14T14:27:49.004030Z[0m [32m INFO[0m [2mserver::combat[0m[2m:[0m [COMBAT] 翠竹蛇 攻击 blueleaf | 命中率:90% 暴击率:10% | HP:20/300 ATK:12 DEF:5 LVL:2
[2m2026-03-14T14:27:49.004038Z[0m [32m INFO[0m [2mserver::combat[0m[2m:[0m [COMBAT] 伤害计算: base_damage=45, crit_damage=45, defense=5, final_damage=43, is_crit=false, will_kill=true
